<?xml version="1.0" encoding="UTF-8"?>
<testsuite xmlns:xsi="http://www.w3.org/2001/XMLSchema-instance" xsi:noNamespaceSchemaLocation="https://maven.apache.org/surefire/maven-surefire-plugin/xsd/surefire-test-report-3.0.xsd" version="3.0" name="com.example.services.UserServiceTest" time="36.247" tests="4" errors="0" skipped="0" failures="1">
  <properties>
    <property name="sun.desktop" value="windows"/>
    <property name="awt.toolkit" value="sun.awt.windows.WToolkit"/>
    <property name="file.encoding.pkg" value="sun.io"/>
    <property name="java.specification.version" value="1.8"/>
    <property name="sun.cpu.isalist" value="amd64"/>
    <property name="sun.jnu.encoding" value="Cp1252"/>
    <property name="java.class.path" value="G:\apps\jakarta-starter\jakartaee8-starter\target\test-classes;G:\apps\jakarta-starter\jakartaee8-starter\target\classes;C:\Users\aijai\.m2\repository\jakarta\platform\jakarta.jakartaee-api\8.0.0\jakarta.jakartaee-api-8.0.0.jar;C:\Users\aijai\.m2\repository\com\google\guava\guava\30.1-jre\guava-30.1-jre.jar;C:\Users\aijai\.m2\repository\com\google\guava\failureaccess\1.0.1\failureaccess-1.0.1.jar;C:\Users\aijai\.m2\repository\com\google\guava\listenablefuture\9999.0-empty-to-avoid-conflict-with-guava\listenablefuture-9999.0-empty-to-avoid-conflict-with-guava.jar;C:\Users\aijai\.m2\repository\com\google\code\findbugs\jsr305\3.0.2\jsr305-3.0.2.jar;C:\Users\aijai\.m2\repository\org\checkerframework\checker-qual\3.5.0\checker-qual-3.5.0.jar;C:\Users\aijai\.m2\repository\com\google\errorprone\error_prone_annotations\2.3.4\error_prone_annotations-2.3.4.jar;C:\Users\aijai\.m2\repository\com\google\j2objc\j2objc-annotations\1.3\j2objc-annotations-1.3.jar;C:\Users\aijai\.m2\repository\org\projectlombok\lombok\1.18.20\lombok-1.18.20.jar;C:\Users\aijai\.m2\repository\org\primefaces\primefaces\7.0\primefaces-7.0.jar;C:\Users\aijai\.m2\repository\io\swagger\swagger-jersey2-jaxrs\1.6.2\swagger-jersey2-jaxrs-1.6.2.jar;C:\Users\aijai\.m2\repository\io\swagger\swagger-jaxrs\1.6.2\swagger-jaxrs-1.6.2.jar;C:\Users\aijai\.m2\repository\io\swagger\swagger-core\1.6.2\swagger-core-1.6.2.jar;C:\Users\aijai\.m2\repository\org\apache\commons\commons-lang3\3.8.1\commons-lang3-3.8.1.jar;C:\Users\aijai\.m2\repository\org\slf4j\slf4j-api\1.7.29\slf4j-api-1.7.29.jar;C:\Users\aijai\.m2\repository\com\fasterxml\jackson\dataformat\jackson-dataformat-yaml\2.11.1\jackson-dataformat-yaml-2.11.1.jar;C:\Users\aijai\.m2\repository\org\yaml\snakeyaml\1.26\snakeyaml-1.26.jar;C:\Users\aijai\.m2\repository\io\swagger\swagger-models\1.6.2\swagger-models-1.6.2.jar;C:\Users\aijai\.m2\repository\io\swagger\swagger-annotations\1.6.2\swagger-annotations-1.6.2.jar;C:\Users\aijai\.m2\repository\javax\validation\validation-api\1.1.0.Final\validation-api-1.1.0.Final.jar;C:\Users\aijai\.m2\repository\org\reflections\reflections\0.9.11\reflections-0.9.11.jar;C:\Users\aijai\.m2\repository\org\javassist\javassist\3.21.0-GA\javassist-3.21.0-GA.jar;C:\Users\aijai\.m2\repository\org\glassfish\jersey\containers\jersey-container-servlet-core\2.25.1\jersey-container-servlet-core-2.25.1.jar;C:\Users\aijai\.m2\repository\org\glassfish\hk2\external\javax.inject\2.5.0-b32\javax.inject-2.5.0-b32.jar;C:\Users\aijai\.m2\repository\org\glassfish\jersey\core\jersey-common\2.25.1\jersey-common-2.25.1.jar;C:\Users\aijai\.m2\repository\javax\annotation\javax.annotation-api\1.2\javax.annotation-api-1.2.jar;C:\Users\aijai\.m2\repository\org\glassfish\jersey\bundles\repackaged\jersey-guava\2.25.1\jersey-guava-2.25.1.jar;C:\Users\aijai\.m2\repository\org\glassfish\hk2\hk2-api\2.5.0-b32\hk2-api-2.5.0-b32.jar;C:\Users\aijai\.m2\repository\org\glassfish\hk2\hk2-utils\2.5.0-b32\hk2-utils-2.5.0-b32.jar;C:\Users\aijai\.m2\repository\org\glassfish\hk2\external\aopalliance-repackaged\2.5.0-b32\aopalliance-repackaged-2.5.0-b32.jar;C:\Users\aijai\.m2\repository\org\glassfish\hk2\hk2-locator\2.5.0-b32\hk2-locator-2.5.0-b32.jar;C:\Users\aijai\.m2\repository\org\glassfish\hk2\osgi-resource-locator\1.0.1\osgi-resource-locator-1.0.1.jar;C:\Users\aijai\.m2\repository\org\glassfish\jersey\core\jersey-server\2.25.1\jersey-server-2.25.1.jar;C:\Users\aijai\.m2\repository\org\glassfish\jersey\core\jersey-client\2.25.1\jersey-client-2.25.1.jar;C:\Users\aijai\.m2\repository\org\glassfish\jersey\media\jersey-media-jaxb\2.25.1\jersey-media-jaxb-2.25.1.jar;C:\Users\aijai\.m2\repository\javax\ws\rs\javax.ws.rs-api\2.0.1\javax.ws.rs-api-2.0.1.jar;C:\Users\aijai\.m2\repository\org\glassfish\jersey\media\jersey-media-multipart\2.25.1\jersey-media-multipart-2.25.1.jar;C:\Users\aijai\.m2\repository\org\jvnet\mimepull\mimepull\1.9.6\mimepull-1.9.6.jar;C:\Users\aijai\.m2\repository\org\jboss\arquillian\junit\arquillian-junit-container\1.6.0.Final\arquillian-junit-container-1.6.0.Final.jar;C:\Users\aijai\.m2\repository\org\jboss\arquillian\junit\arquillian-junit-core\1.6.0.Final\arquillian-junit-core-1.6.0.Final.jar;C:\Users\aijai\.m2\repository\org\jboss\arquillian\test\arquillian-test-api\1.6.0.Final\arquillian-test-api-1.6.0.Final.jar;C:\Users\aijai\.m2\repository\org\jboss\arquillian\test\arquillian-test-spi\1.6.0.Final\arquillian-test-spi-1.6.0.Final.jar;C:\Users\aijai\.m2\repository\org\jboss\arquillian\core\arquillian-core-spi\1.6.0.Final\arquillian-core-spi-1.6.0.Final.jar;C:\Users\aijai\.m2\repository\org\jboss\arquillian\container\arquillian-container-test-api\1.6.0.Final\arquillian-container-test-api-1.6.0.Final.jar;C:\Users\aijai\.m2\repository\org\jboss\shrinkwrap\shrinkwrap-api\1.2.6\shrinkwrap-api-1.2.6.jar;C:\Users\aijai\.m2\repository\org\jboss\shrinkwrap\descriptors\shrinkwrap-descriptors-api-base\2.0.0\shrinkwrap-descriptors-api-base-2.0.0.jar;C:\Users\aijai\.m2\repository\org\jboss\arquillian\container\arquillian-container-test-spi\1.6.0.Final\arquillian-container-test-spi-1.6.0.Final.jar;C:\Users\aijai\.m2\repository\org\jboss\arquillian\container\arquillian-container-spi\1.6.0.Final\arquillian-container-spi-1.6.0.Final.jar;C:\Users\aijai\.m2\repository\org\jboss\arquillian\core\arquillian-core-impl-base\1.6.0.Final\arquillian-core-impl-base-1.6.0.Final.jar;C:\Users\aijai\.m2\repository\org\jboss\arquillian\test\arquillian-test-impl-base\1.6.0.Final\arquillian-test-impl-base-1.6.0.Final.jar;C:\Users\aijai\.m2\repository\org\jboss\arquillian\container\arquillian-container-impl-base\1.6.0.Final\arquillian-container-impl-base-1.6.0.Final.jar;C:\Users\aijai\.m2\repository\org\jboss\arquillian\config\arquillian-config-api\1.6.0.Final\arquillian-config-api-1.6.0.Final.jar;C:\Users\aijai\.m2\repository\org\jboss\arquillian\config\arquillian-config-impl-base\1.6.0.Final\arquillian-config-impl-base-1.6.0.Final.jar;C:\Users\aijai\.m2\repository\org\jboss\arquillian\config\arquillian-config-spi\1.6.0.Final\arquillian-config-spi-1.6.0.Final.jar;C:\Users\aijai\.m2\repository\org\jboss\shrinkwrap\descriptors\shrinkwrap-descriptors-spi\2.0.0\shrinkwrap-descriptors-spi-2.0.0.jar;C:\Users\aijai\.m2\repository\org\jboss\arquillian\container\arquillian-container-test-impl-base\1.6.0.Final\arquillian-container-test-impl-base-1.6.0.Final.jar;C:\Users\aijai\.m2\repository\org\jboss\shrinkwrap\shrinkwrap-impl-base\1.2.6\shrinkwrap-impl-base-1.2.6.jar;C:\Users\aijai\.m2\repository\org\jboss\shrinkwrap\shrinkwrap-spi\1.2.6\shrinkwrap-spi-1.2.6.jar;C:\Users\aijai\.m2\repository\org\jboss\resteasy\resteasy-client\4.6.0.Final\resteasy-client-4.6.0.Final.jar;C:\Users\aijai\.m2\repository\org\jboss\resteasy\resteasy-client-api\4.6.0.Final\resteasy-client-api-4.6.0.Final.jar;C:\Users\aijai\.m2\repository\org\jboss\resteasy\resteasy-core-spi\4.6.0.Final\resteasy-core-spi-4.6.0.Final.jar;C:\Users\aijai\.m2\repository\org\jboss\spec\javax\xml\bind\jboss-jaxb-api_2.3_spec\1.0.1.Final\jboss-jaxb-api_2.3_spec-1.0.1.Final.jar;C:\Users\aijai\.m2\repository\org\reactivestreams\reactive-streams\1.0.3\reactive-streams-1.0.3.jar;C:\Users\aijai\.m2\repository\jakarta\validation\jakarta.validation-api\2.0.2\jakarta.validation-api-2.0.2.jar;C:\Users\aijai\.m2\repository\org\jboss\spec\javax\annotation\jboss-annotations-api_1.3_spec\2.0.1.Final\jboss-annotations-api_1.3_spec-2.0.1.Final.jar;C:\Users\aijai\.m2\repository\com\sun\activation\jakarta.activation\1.2.1\jakarta.activation-1.2.1.jar;C:\Users\aijai\.m2\repository\org\jboss\resteasy\resteasy-core\4.6.0.Final\resteasy-core-4.6.0.Final.jar;C:\Users\aijai\.m2\repository\com\ibm\async\asyncutil\0.1.0\asyncutil-0.1.0.jar;C:\Users\aijai\.m2\repository\io\smallrye\config\smallrye-config\2.0.1\smallrye-config-2.0.1.jar;C:\Users\aijai\.m2\repository\io\smallrye\config\smallrye-config-core\2.0.1\smallrye-config-core-2.0.1.jar;C:\Users\aijai\.m2\repository\org\eclipse\microprofile\config\microprofile-config-api\2.0\microprofile-config-api-2.0.jar;C:\Users\aijai\.m2\repository\io\smallrye\common\smallrye-common-annotation\1.5.0\smallrye-common-annotation-1.5.0.jar;C:\Users\aijai\.m2\repository\io\smallrye\common\smallrye-common-expression\1.5.0\smallrye-common-expression-1.5.0.jar;C:\Users\aijai\.m2\repository\io\smallrye\common\smallrye-common-function\1.5.0\smallrye-common-function-1.5.0.jar;C:\Users\aijai\.m2\repository\io\smallrye\common\smallrye-common-constraint\1.5.0\smallrye-common-constraint-1.5.0.jar;C:\Users\aijai\.m2\repository\io\smallrye\common\smallrye-common-classloader\1.5.0\smallrye-common-classloader-1.5.0.jar;C:\Users\aijai\.m2\repository\org\ow2\asm\asm\9.0\asm-9.0.jar;C:\Users\aijai\.m2\repository\io\smallrye\config\smallrye-config-common\2.0.1\smallrye-config-common-2.0.1.jar;C:\Users\aijai\.m2\repository\org\jboss\logging\jboss-logging\3.4.1.Final\jboss-logging-3.4.1.Final.jar;C:\Users\aijai\.m2\repository\org\apache\httpcomponents\httpclient\4.5.13\httpclient-4.5.13.jar;C:\Users\aijai\.m2\repository\org\apache\httpcomponents\httpcore\4.4.13\httpcore-4.4.13.jar;C:\Users\aijai\.m2\repository\commons-logging\commons-logging\1.2\commons-logging-1.2.jar;C:\Users\aijai\.m2\repository\commons-codec\commons-codec\1.14\commons-codec-1.14.jar;C:\Users\aijai\.m2\repository\commons-io\commons-io\2.5\commons-io-2.5.jar;C:\Users\aijai\.m2\repository\org\jboss\spec\javax\ws\rs\jboss-jaxrs-api_2.1_spec\2.0.1.Final\jboss-jaxrs-api_2.1_spec-2.0.1.Final.jar;C:\Users\aijai\.m2\repository\org\jboss\resteasy\resteasy-jackson2-provider\4.6.0.Final\resteasy-jackson2-provider-4.6.0.Final.jar;C:\Users\aijai\.m2\repository\com\fasterxml\jackson\core\jackson-core\2.11.4\jackson-core-2.11.4.jar;C:\Users\aijai\.m2\repository\com\fasterxml\jackson\core\jackson-databind\2.11.4\jackson-databind-2.11.4.jar;C:\Users\aijai\.m2\repository\com\fasterxml\jackson\core\jackson-annotations\2.11.4\jackson-annotations-2.11.4.jar;C:\Users\aijai\.m2\repository\com\fasterxml\jackson\jaxrs\jackson-jaxrs-json-provider\2.11.4\jackson-jaxrs-json-provider-2.11.4.jar;C:\Users\aijai\.m2\repository\com\fasterxml\jackson\jaxrs\jackson-jaxrs-base\2.11.4\jackson-jaxrs-base-2.11.4.jar;C:\Users\aijai\.m2\repository\com\fasterxml\jackson\module\jackson-module-jaxb-annotations\2.11.4\jackson-module-jaxb-annotations-2.11.4.jar;C:\Users\aijai\.m2\repository\jakarta\activation\jakarta.activation-api\1.2.1\jakarta.activation-api-1.2.1.jar;C:\Users\aijai\.m2\repository\com\github\java-json-tools\json-patch\1.13\json-patch-1.13.jar;C:\Users\aijai\.m2\repository\com\github\java-json-tools\msg-simple\1.2\msg-simple-1.2.jar;C:\Users\aijai\.m2\repository\com\github\java-json-tools\btf\1.3\btf-1.3.jar;C:\Users\aijai\.m2\repository\com\github\java-json-tools\jackson-coreutils\2.0\jackson-coreutils-2.0.jar;C:\Users\aijai\.m2\repository\org\wildfly\arquillian\wildfly-arquillian-container-managed\3.0.1.Final\wildfly-arquillian-container-managed-3.0.1.Final.jar;C:\Users\aijai\.m2\repository\org\wildfly\arquillian\wildfly-arquillian-common\3.0.1.Final\wildfly-arquillian-common-3.0.1.Final.jar;C:\Users\aijai\.m2\repository\org\jboss\arquillian\testenricher\arquillian-testenricher-cdi\1.6.0.Final\arquillian-testenricher-cdi-1.6.0.Final.jar;C:\Users\aijai\.m2\repository\org\jboss\arquillian\testenricher\arquillian-testenricher-ejb\1.6.0.Final\arquillian-testenricher-ejb-1.6.0.Final.jar;C:\Users\aijai\.m2\repository\org\jboss\arquillian\testenricher\arquillian-testenricher-initialcontext\1.6.0.Final\arquillian-testenricher-initialcontext-1.6.0.Final.jar;C:\Users\aijai\.m2\repository\org\jboss\arquillian\testenricher\arquillian-testenricher-resource\1.6.0.Final\arquillian-testenricher-resource-1.6.0.Final.jar;C:\Users\aijai\.m2\repository\org\jboss\arquillian\protocol\arquillian-protocol-servlet\1.6.0.Final\arquillian-protocol-servlet-1.6.0.Final.jar;C:\Users\aijai\.m2\repository\org\wildfly\arquillian\wildfly-arquillian-testenricher-msc\3.0.1.Final\wildfly-arquillian-testenricher-msc-3.0.1.Final.jar;C:\Users\aijai\.m2\repository\org\wildfly\core\wildfly-server\13.0.0.Final\wildfly-server-13.0.0.Final.jar;C:\Users\aijai\.m2\repository\org\wildfly\core\wildfly-controller\13.0.0.Final\wildfly-controller-13.0.0.Final.jar;C:\Users\aijai\.m2\repository\org\wildfly\core\wildfly-core-security\13.0.0.Final\wildfly-core-security-13.0.0.Final.jar;C:\Users\aijai\.m2\repository\org\wildfly\core\wildfly-core-security-api\13.0.0.Final\wildfly-core-security-api-13.0.0.Final.jar;C:\Users\aijai\.m2\repository\org\jboss\logmanager\jboss-logmanager\2.1.17.Final\jboss-logmanager-2.1.17.Final.jar;C:\Users\aijai\.m2\repository\org\jboss\staxmapper\1.3.0.Final\staxmapper-1.3.0.Final.jar;C:\Users\aijai\.m2\repository\org\projectodd\vdx\vdx-wildfly\1.1.6\vdx-wildfly-1.1.6.jar;C:\Users\aijai\.m2\repository\org\projectodd\vdx\vdx-core\1.1.6\vdx-core-1.1.6.jar;C:\Users\aijai\.m2\repository\org\wildfly\core\wildfly-core-management-client\13.0.0.Final\wildfly-core-management-client-13.0.0.Final.jar;C:\Users\aijai\.m2\repository\org\wildfly\core\wildfly-domain-http-interface\13.0.0.Final\wildfly-domain-http-interface-13.0.0.Final.jar;C:\Users\aijai\.m2\repository\org\wildfly\security\elytron-web\undertow-server\1.8.0.Final\undertow-server-1.8.0.Final.jar;C:\Users\aijai\.m2\repository\org\wildfly\core\wildfly-deployment-repository\13.0.0.Final\wildfly-deployment-repository-13.0.0.Final.jar;C:\Users\aijai\.m2\repository\org\wildfly\core\wildfly-platform-mbean\13.0.0.Final\wildfly-platform-mbean-13.0.0.Final.jar;C:\Users\aijai\.m2\repository\org\wildfly\core\wildfly-process-controller\13.0.0.Final\wildfly-process-controller-13.0.0.Final.jar;C:\Users\aijai\.m2\repository\org\wildfly\core\wildfly-network\13.0.0.Final\wildfly-network-13.0.0.Final.jar;C:\Users\aijai\.m2\repository\org\wildfly\core\wildfly-version\13.0.0.Final\wildfly-version-13.0.0.Final.jar;C:\Users\aijai\.m2\repository\org\jboss\jandex\2.1.3.Final\jandex-2.1.3.Final.jar;C:\Users\aijai\.m2\repository\org\jboss\classfilewriter\jboss-classfilewriter\1.2.4.Final\jboss-classfilewriter-1.2.4.Final.jar;C:\Users\aijai\.m2\repository\org\jboss\invocation\jboss-invocation\1.6.0.Final\jboss-invocation-1.6.0.Final.jar;C:\Users\aijai\.m2\repository\org\jboss\modules\jboss-modules\1.10.2.Final\jboss-modules-1.10.2.Final.jar;C:\Users\aijai\.m2\repository\org\jboss\stdio\jboss-stdio\1.1.0.Final\jboss-stdio-1.1.0.Final.jar;C:\Users\aijai\.m2\repository\org\jboss\jboss-vfs\3.2.15.Final\jboss-vfs-3.2.15.Final.jar;C:\Users\aijai\.m2\repository\io\undertow\undertow-core\2.2.0.Final\undertow-core-2.2.0.Final.jar;C:\Users\aijai\.m2\repository\org\eclipse\jgit\org.eclipse.jgit.ssh.apache\5.9.0.202009080501-r\org.eclipse.jgit.ssh.apache-5.9.0.202009080501-r.jar;C:\Users\aijai\.m2\repository\org\eclipse\jgit\org.eclipse.jgit\5.9.0.202009080501-r\org.eclipse.jgit-5.9.0.202009080501-r.jar;C:\Users\aijai\.m2\repository\com\googlecode\javaewah\JavaEWAH\1.1.7\JavaEWAH-1.1.7.jar;C:\Users\aijai\.m2\repository\org\apache\sshd\sshd-common\2.4.0\sshd-common-2.4.0.jar;C:\Users\aijai\.m2\repository\org\apache\sshd\sshd-core\2.4.0\sshd-core-2.4.0.jar;C:\Users\aijai\.m2\repository\org\wildfly\core\wildfly-controller-client\13.0.0.Final\wildfly-controller-client-13.0.0.Final.jar;C:\Users\aijai\.m2\repository\org\wildfly\core\wildfly-protocol\13.0.0.Final\wildfly-protocol-13.0.0.Final.jar;C:\Users\aijai\.m2\repository\org\jboss\jboss-dmr\1.5.1.Final\jboss-dmr-1.5.1.Final.jar;C:\Users\aijai\.m2\repository\org\wildfly\plugins\wildfly-plugin-core\2.0.2.Final\wildfly-plugin-core-2.0.2.Final.jar;C:\Users\aijai\.m2\repository\org\jboss\shrinkwrap\descriptors\shrinkwrap-descriptors-impl-base\2.0.0\shrinkwrap-descriptors-impl-base-2.0.0.jar;C:\Users\aijai\.m2\repository\org\wildfly\common\wildfly-common\1.5.4.Final\wildfly-common-1.5.4.Final.jar;C:\Users\aijai\.m2\repository\org\wildfly\arquillian\wildfly-arquillian-protocol-jmx\3.0.1.Final\wildfly-arquillian-protocol-jmx-3.0.1.Final.jar;C:\Users\aijai\.m2\repository\org\wildfly\security\wildfly-elytron\1.13.0.Final\wildfly-elytron-1.13.0.Final.jar;C:\Users\aijai\.m2\repository\org\jboss\arquillian\protocol\arquillian-protocol-jmx\1.6.0.Final\arquillian-protocol-jmx-1.6.0.Final.jar;C:\Users\aijai\.m2\repository\org\wildfly\core\wildfly-jmx\13.0.0.Final\wildfly-jmx-13.0.0.Final.jar;C:\Users\aijai\.m2\repository\org\jboss\msc\jboss-msc\1.4.12.Final\jboss-msc-1.4.12.Final.jar;C:\Users\aijai\.m2\repository\org\wildfly\core\wildfly-remoting\13.0.0.Final\wildfly-remoting-13.0.0.Final.jar;C:\Users\aijai\.m2\repository\org\wildfly\core\wildfly-domain-management\13.0.0.Final\wildfly-domain-management-13.0.0.Final.jar;C:\Users\aijai\.m2\repository\org\picketbox\picketbox\5.0.3.Final-redhat-00006\picketbox-5.0.3.Final-redhat-00006.jar;C:\Users\aijai\.m2\repository\org\wildfly\core\wildfly-io\13.0.0.Final\wildfly-io-13.0.0.Final.jar;C:\Users\aijai\.m2\repository\org\jboss\xnio\xnio-api\3.8.2.Final\xnio-api-3.8.2.Final.jar;C:\Users\aijai\.m2\repository\org\wildfly\client\wildfly-client-config\1.0.1.Final\wildfly-client-config-1.0.1.Final.jar;C:\Users\aijai\.m2\repository\org\jboss\threads\jboss-threads\2.3.3.Final\jboss-threads-2.3.3.Final.jar;C:\Users\aijai\.m2\repository\org\jboss\xnio\xnio-nio\3.8.2.Final\xnio-nio-3.8.2.Final.jar;C:\Users\aijai\.m2\repository\org\jboss\marshalling\jboss-marshalling\2.0.9.Final\jboss-marshalling-2.0.9.Final.jar;C:\Users\aijai\.m2\repository\org\jboss\marshalling\jboss-marshalling-river\2.0.9.Final\jboss-marshalling-river-2.0.9.Final.jar;C:\Users\aijai\.m2\repository\org\jboss\remoting\jboss-remoting\5.0.19.Final\jboss-remoting-5.0.19.Final.jar;C:\Users\aijai\.m2\repository\org\jboss\remotingjmx\remoting-jmx\3.0.4.Final\remoting-jmx-3.0.4.Final.jar;C:\Users\aijai\.m2\repository\org\wildfly\core\wildfly-launcher\13.0.0.Final\wildfly-launcher-13.0.0.Final.jar;C:\Users\aijai\.m2\repository\org\jboss\arquillian\core\arquillian-core-api\1.6.0.Final\arquillian-core-api-1.6.0.Final.jar;C:\Users\aijai\.m2\repository\junit\junit\4.13.2\junit-4.13.2.jar;C:\Users\aijai\.m2\repository\org\hamcrest\hamcrest-core\1.3\hamcrest-core-1.3.jar;C:\Users\aijai\.m2\repository\org\mockito\mockito-core\3.9.0\mockito-core-3.9.0.jar;C:\Users\aijai\.m2\repository\net\bytebuddy\byte-buddy\1.10.20\byte-buddy-1.10.20.jar;C:\Users\aijai\.m2\repository\net\bytebuddy\byte-buddy-agent\1.10.20\byte-buddy-agent-1.10.20.jar;C:\Users\aijai\.m2\repository\org\objenesis\objenesis\3.2\objenesis-3.2.jar;C:\Users\aijai\.m2\repository\org\hamcrest\hamcrest\2.2\hamcrest-2.2.jar;C:\Users\aijai\.m2\repository\org\assertj\assertj-core\3.19.0\assertj-core-3.19.0.jar;"/>
    <property name="java.vm.vendor" value="Oracle Corporation"/>
    <property name="sun.arch.data.model" value="64"/>
    <property name="user.variant" value=""/>
    <property name="java.vendor.url" value="http://java.oracle.com/"/>
    <property name="user.timezone" value="Europe/Helsinki"/>
    <property name="user.country.format" value="FI"/>
    <property name="java.vm.specification.version" value="1.8"/>
    <property name="os.name" value="Windows 10"/>
    <property name="user.country" value="US"/>
    <property name="sun.java.launcher" value="SUN_STANDARD"/>
    <property name="sun.boot.library.path" value="C:\Program Files\Java\jdk1.8.0_281\jre\bin"/>
    <property name="sun.java.command" value="C:\Users\aijai\AppData\Local\Temp\surefire1081506248609156641\surefirebooter7318421188798165890.jar C:\Users\aijai\AppData\Local\Temp\surefire1081506248609156641 2021-07-15T15-27-19_699-jvmRun1 surefire139653288254348205tmp surefire_01613105134114030069tmp"/>
    <property name="surefire.test.class.path" value="G:\apps\jakarta-starter\jakartaee8-starter\target\test-classes;G:\apps\jakarta-starter\jakartaee8-starter\target\classes;C:\Users\aijai\.m2\repository\jakarta\platform\jakarta.jakartaee-api\8.0.0\jakarta.jakartaee-api-8.0.0.jar;C:\Users\aijai\.m2\repository\com\google\guava\guava\30.1-jre\guava-30.1-jre.jar;C:\Users\aijai\.m2\repository\com\google\guava\failureaccess\1.0.1\failureaccess-1.0.1.jar;C:\Users\aijai\.m2\repository\com\google\guava\listenablefuture\9999.0-empty-to-avoid-conflict-with-guava\listenablefuture-9999.0-empty-to-avoid-conflict-with-guava.jar;C:\Users\aijai\.m2\repository\com\google\code\findbugs\jsr305\3.0.2\jsr305-3.0.2.jar;C:\Users\aijai\.m2\repository\org\checkerframework\checker-qual\3.5.0\checker-qual-3.5.0.jar;C:\Users\aijai\.m2\repository\com\google\errorprone\error_prone_annotations\2.3.4\error_prone_annotations-2.3.4.jar;C:\Users\aijai\.m2\repository\com\google\j2objc\j2objc-annotations\1.3\j2objc-annotations-1.3.jar;C:\Users\aijai\.m2\repository\org\projectlombok\lombok\1.18.20\lombok-1.18.20.jar;C:\Users\aijai\.m2\repository\org\primefaces\primefaces\7.0\primefaces-7.0.jar;C:\Users\aijai\.m2\repository\io\swagger\swagger-jersey2-jaxrs\1.6.2\swagger-jersey2-jaxrs-1.6.2.jar;C:\Users\aijai\.m2\repository\io\swagger\swagger-jaxrs\1.6.2\swagger-jaxrs-1.6.2.jar;C:\Users\aijai\.m2\repository\io\swagger\swagger-core\1.6.2\swagger-core-1.6.2.jar;C:\Users\aijai\.m2\repository\org\apache\commons\commons-lang3\3.8.1\commons-lang3-3.8.1.jar;C:\Users\aijai\.m2\repository\org\slf4j\slf4j-api\1.7.29\slf4j-api-1.7.29.jar;C:\Users\aijai\.m2\repository\com\fasterxml\jackson\dataformat\jackson-dataformat-yaml\2.11.1\jackson-dataformat-yaml-2.11.1.jar;C:\Users\aijai\.m2\repository\org\yaml\snakeyaml\1.26\snakeyaml-1.26.jar;C:\Users\aijai\.m2\repository\io\swagger\swagger-models\1.6.2\swagger-models-1.6.2.jar;C:\Users\aijai\.m2\repository\io\swagger\swagger-annotations\1.6.2\swagger-annotations-1.6.2.jar;C:\Users\aijai\.m2\repository\javax\validation\validation-api\1.1.0.Final\validation-api-1.1.0.Final.jar;C:\Users\aijai\.m2\repository\org\reflections\reflections\0.9.11\reflections-0.9.11.jar;C:\Users\aijai\.m2\repository\org\javassist\javassist\3.21.0-GA\javassist-3.21.0-GA.jar;C:\Users\aijai\.m2\repository\org\glassfish\jersey\containers\jersey-container-servlet-core\2.25.1\jersey-container-servlet-core-2.25.1.jar;C:\Users\aijai\.m2\repository\org\glassfish\hk2\external\javax.inject\2.5.0-b32\javax.inject-2.5.0-b32.jar;C:\Users\aijai\.m2\repository\org\glassfish\jersey\core\jersey-common\2.25.1\jersey-common-2.25.1.jar;C:\Users\aijai\.m2\repository\javax\annotation\javax.annotation-api\1.2\javax.annotation-api-1.2.jar;C:\Users\aijai\.m2\repository\org\glassfish\jersey\bundles\repackaged\jersey-guava\2.25.1\jersey-guava-2.25.1.jar;C:\Users\aijai\.m2\repository\org\glassfish\hk2\hk2-api\2.5.0-b32\hk2-api-2.5.0-b32.jar;C:\Users\aijai\.m2\repository\org\glassfish\hk2\hk2-utils\2.5.0-b32\hk2-utils-2.5.0-b32.jar;C:\Users\aijai\.m2\repository\org\glassfish\hk2\external\aopalliance-repackaged\2.5.0-b32\aopalliance-repackaged-2.5.0-b32.jar;C:\Users\aijai\.m2\repository\org\glassfish\hk2\hk2-locator\2.5.0-b32\hk2-locator-2.5.0-b32.jar;C:\Users\aijai\.m2\repository\org\glassfish\hk2\osgi-resource-locator\1.0.1\osgi-resource-locator-1.0.1.jar;C:\Users\aijai\.m2\repository\org\glassfish\jersey\core\jersey-server\2.25.1\jersey-server-2.25.1.jar;C:\Users\aijai\.m2\repository\org\glassfish\jersey\core\jersey-client\2.25.1\jersey-client-2.25.1.jar;C:\Users\aijai\.m2\repository\org\glassfish\jersey\media\jersey-media-jaxb\2.25.1\jersey-media-jaxb-2.25.1.jar;C:\Users\aijai\.m2\repository\javax\ws\rs\javax.ws.rs-api\2.0.1\javax.ws.rs-api-2.0.1.jar;C:\Users\aijai\.m2\repository\org\glassfish\jersey\media\jersey-media-multipart\2.25.1\jersey-media-multipart-2.25.1.jar;C:\Users\aijai\.m2\repository\org\jvnet\mimepull\mimepull\1.9.6\mimepull-1.9.6.jar;C:\Users\aijai\.m2\repository\org\jboss\arquillian\junit\arquillian-junit-container\1.6.0.Final\arquillian-junit-container-1.6.0.Final.jar;C:\Users\aijai\.m2\repository\org\jboss\arquillian\junit\arquillian-junit-core\1.6.0.Final\arquillian-junit-core-1.6.0.Final.jar;C:\Users\aijai\.m2\repository\org\jboss\arquillian\test\arquillian-test-api\1.6.0.Final\arquillian-test-api-1.6.0.Final.jar;C:\Users\aijai\.m2\repository\org\jboss\arquillian\test\arquillian-test-spi\1.6.0.Final\arquillian-test-spi-1.6.0.Final.jar;C:\Users\aijai\.m2\repository\org\jboss\arquillian\core\arquillian-core-spi\1.6.0.Final\arquillian-core-spi-1.6.0.Final.jar;C:\Users\aijai\.m2\repository\org\jboss\arquillian\container\arquillian-container-test-api\1.6.0.Final\arquillian-container-test-api-1.6.0.Final.jar;C:\Users\aijai\.m2\repository\org\jboss\shrinkwrap\shrinkwrap-api\1.2.6\shrinkwrap-api-1.2.6.jar;C:\Users\aijai\.m2\repository\org\jboss\shrinkwrap\descriptors\shrinkwrap-descriptors-api-base\2.0.0\shrinkwrap-descriptors-api-base-2.0.0.jar;C:\Users\aijai\.m2\repository\org\jboss\arquillian\container\arquillian-container-test-spi\1.6.0.Final\arquillian-container-test-spi-1.6.0.Final.jar;C:\Users\aijai\.m2\repository\org\jboss\arquillian\container\arquillian-container-spi\1.6.0.Final\arquillian-container-spi-1.6.0.Final.jar;C:\Users\aijai\.m2\repository\org\jboss\arquillian\core\arquillian-core-impl-base\1.6.0.Final\arquillian-core-impl-base-1.6.0.Final.jar;C:\Users\aijai\.m2\repository\org\jboss\arquillian\test\arquillian-test-impl-base\1.6.0.Final\arquillian-test-impl-base-1.6.0.Final.jar;C:\Users\aijai\.m2\repository\org\jboss\arquillian\container\arquillian-container-impl-base\1.6.0.Final\arquillian-container-impl-base-1.6.0.Final.jar;C:\Users\aijai\.m2\repository\org\jboss\arquillian\config\arquillian-config-api\1.6.0.Final\arquillian-config-api-1.6.0.Final.jar;C:\Users\aijai\.m2\repository\org\jboss\arquillian\config\arquillian-config-impl-base\1.6.0.Final\arquillian-config-impl-base-1.6.0.Final.jar;C:\Users\aijai\.m2\repository\org\jboss\arquillian\config\arquillian-config-spi\1.6.0.Final\arquillian-config-spi-1.6.0.Final.jar;C:\Users\aijai\.m2\repository\org\jboss\shrinkwrap\descriptors\shrinkwrap-descriptors-spi\2.0.0\shrinkwrap-descriptors-spi-2.0.0.jar;C:\Users\aijai\.m2\repository\org\jboss\arquillian\container\arquillian-container-test-impl-base\1.6.0.Final\arquillian-container-test-impl-base-1.6.0.Final.jar;C:\Users\aijai\.m2\repository\org\jboss\shrinkwrap\shrinkwrap-impl-base\1.2.6\shrinkwrap-impl-base-1.2.6.jar;C:\Users\aijai\.m2\repository\org\jboss\shrinkwrap\shrinkwrap-spi\1.2.6\shrinkwrap-spi-1.2.6.jar;C:\Users\aijai\.m2\repository\org\jboss\resteasy\resteasy-client\4.6.0.Final\resteasy-client-4.6.0.Final.jar;C:\Users\aijai\.m2\repository\org\jboss\resteasy\resteasy-client-api\4.6.0.Final\resteasy-client-api-4.6.0.Final.jar;C:\Users\aijai\.m2\repository\org\jboss\resteasy\resteasy-core-spi\4.6.0.Final\resteasy-core-spi-4.6.0.Final.jar;C:\Users\aijai\.m2\repository\org\jboss\spec\javax\xml\bind\jboss-jaxb-api_2.3_spec\1.0.1.Final\jboss-jaxb-api_2.3_spec-1.0.1.Final.jar;C:\Users\aijai\.m2\repository\org\reactivestreams\reactive-streams\1.0.3\reactive-streams-1.0.3.jar;C:\Users\aijai\.m2\repository\jakarta\validation\jakarta.validation-api\2.0.2\jakarta.validation-api-2.0.2.jar;C:\Users\aijai\.m2\repository\org\jboss\spec\javax\annotation\jboss-annotations-api_1.3_spec\2.0.1.Final\jboss-annotations-api_1.3_spec-2.0.1.Final.jar;C:\Users\aijai\.m2\repository\com\sun\activation\jakarta.activation\1.2.1\jakarta.activation-1.2.1.jar;C:\Users\aijai\.m2\repository\org\jboss\resteasy\resteasy-core\4.6.0.Final\resteasy-core-4.6.0.Final.jar;C:\Users\aijai\.m2\repository\com\ibm\async\asyncutil\0.1.0\asyncutil-0.1.0.jar;C:\Users\aijai\.m2\repository\io\smallrye\config\smallrye-config\2.0.1\smallrye-config-2.0.1.jar;C:\Users\aijai\.m2\repository\io\smallrye\config\smallrye-config-core\2.0.1\smallrye-config-core-2.0.1.jar;C:\Users\aijai\.m2\repository\org\eclipse\microprofile\config\microprofile-config-api\2.0\microprofile-config-api-2.0.jar;C:\Users\aijai\.m2\repository\io\smallrye\common\smallrye-common-annotation\1.5.0\smallrye-common-annotation-1.5.0.jar;C:\Users\aijai\.m2\repository\io\smallrye\common\smallrye-common-expression\1.5.0\smallrye-common-expression-1.5.0.jar;C:\Users\aijai\.m2\repository\io\smallrye\common\smallrye-common-function\1.5.0\smallrye-common-function-1.5.0.jar;C:\Users\aijai\.m2\repository\io\smallrye\common\smallrye-common-constraint\1.5.0\smallrye-common-constraint-1.5.0.jar;C:\Users\aijai\.m2\repository\io\smallrye\common\smallrye-common-classloader\1.5.0\smallrye-common-classloader-1.5.0.jar;C:\Users\aijai\.m2\repository\org\ow2\asm\asm\9.0\asm-9.0.jar;C:\Users\aijai\.m2\repository\io\smallrye\config\smallrye-config-common\2.0.1\smallrye-config-common-2.0.1.jar;C:\Users\aijai\.m2\repository\org\jboss\logging\jboss-logging\3.4.1.Final\jboss-logging-3.4.1.Final.jar;C:\Users\aijai\.m2\repository\org\apache\httpcomponents\httpclient\4.5.13\httpclient-4.5.13.jar;C:\Users\aijai\.m2\repository\org\apache\httpcomponents\httpcore\4.4.13\httpcore-4.4.13.jar;C:\Users\aijai\.m2\repository\commons-logging\commons-logging\1.2\commons-logging-1.2.jar;C:\Users\aijai\.m2\repository\commons-codec\commons-codec\1.14\commons-codec-1.14.jar;C:\Users\aijai\.m2\repository\commons-io\commons-io\2.5\commons-io-2.5.jar;C:\Users\aijai\.m2\repository\org\jboss\spec\javax\ws\rs\jboss-jaxrs-api_2.1_spec\2.0.1.Final\jboss-jaxrs-api_2.1_spec-2.0.1.Final.jar;C:\Users\aijai\.m2\repository\org\jboss\resteasy\resteasy-jackson2-provider\4.6.0.Final\resteasy-jackson2-provider-4.6.0.Final.jar;C:\Users\aijai\.m2\repository\com\fasterxml\jackson\core\jackson-core\2.11.4\jackson-core-2.11.4.jar;C:\Users\aijai\.m2\repository\com\fasterxml\jackson\core\jackson-databind\2.11.4\jackson-databind-2.11.4.jar;C:\Users\aijai\.m2\repository\com\fasterxml\jackson\core\jackson-annotations\2.11.4\jackson-annotations-2.11.4.jar;C:\Users\aijai\.m2\repository\com\fasterxml\jackson\jaxrs\jackson-jaxrs-json-provider\2.11.4\jackson-jaxrs-json-provider-2.11.4.jar;C:\Users\aijai\.m2\repository\com\fasterxml\jackson\jaxrs\jackson-jaxrs-base\2.11.4\jackson-jaxrs-base-2.11.4.jar;C:\Users\aijai\.m2\repository\com\fasterxml\jackson\module\jackson-module-jaxb-annotations\2.11.4\jackson-module-jaxb-annotations-2.11.4.jar;C:\Users\aijai\.m2\repository\jakarta\activation\jakarta.activation-api\1.2.1\jakarta.activation-api-1.2.1.jar;C:\Users\aijai\.m2\repository\com\github\java-json-tools\json-patch\1.13\json-patch-1.13.jar;C:\Users\aijai\.m2\repository\com\github\java-json-tools\msg-simple\1.2\msg-simple-1.2.jar;C:\Users\aijai\.m2\repository\com\github\java-json-tools\btf\1.3\btf-1.3.jar;C:\Users\aijai\.m2\repository\com\github\java-json-tools\jackson-coreutils\2.0\jackson-coreutils-2.0.jar;C:\Users\aijai\.m2\repository\org\wildfly\arquillian\wildfly-arquillian-container-managed\3.0.1.Final\wildfly-arquillian-container-managed-3.0.1.Final.jar;C:\Users\aijai\.m2\repository\org\wildfly\arquillian\wildfly-arquillian-common\3.0.1.Final\wildfly-arquillian-common-3.0.1.Final.jar;C:\Users\aijai\.m2\repository\org\jboss\arquillian\testenricher\arquillian-testenricher-cdi\1.6.0.Final\arquillian-testenricher-cdi-1.6.0.Final.jar;C:\Users\aijai\.m2\repository\org\jboss\arquillian\testenricher\arquillian-testenricher-ejb\1.6.0.Final\arquillian-testenricher-ejb-1.6.0.Final.jar;C:\Users\aijai\.m2\repository\org\jboss\arquillian\testenricher\arquillian-testenricher-initialcontext\1.6.0.Final\arquillian-testenricher-initialcontext-1.6.0.Final.jar;C:\Users\aijai\.m2\repository\org\jboss\arquillian\testenricher\arquillian-testenricher-resource\1.6.0.Final\arquillian-testenricher-resource-1.6.0.Final.jar;C:\Users\aijai\.m2\repository\org\jboss\arquillian\protocol\arquillian-protocol-servlet\1.6.0.Final\arquillian-protocol-servlet-1.6.0.Final.jar;C:\Users\aijai\.m2\repository\org\wildfly\arquillian\wildfly-arquillian-testenricher-msc\3.0.1.Final\wildfly-arquillian-testenricher-msc-3.0.1.Final.jar;C:\Users\aijai\.m2\repository\org\wildfly\core\wildfly-server\13.0.0.Final\wildfly-server-13.0.0.Final.jar;C:\Users\aijai\.m2\repository\org\wildfly\core\wildfly-controller\13.0.0.Final\wildfly-controller-13.0.0.Final.jar;C:\Users\aijai\.m2\repository\org\wildfly\core\wildfly-core-security\13.0.0.Final\wildfly-core-security-13.0.0.Final.jar;C:\Users\aijai\.m2\repository\org\wildfly\core\wildfly-core-security-api\13.0.0.Final\wildfly-core-security-api-13.0.0.Final.jar;C:\Users\aijai\.m2\repository\org\jboss\logmanager\jboss-logmanager\2.1.17.Final\jboss-logmanager-2.1.17.Final.jar;C:\Users\aijai\.m2\repository\org\jboss\staxmapper\1.3.0.Final\staxmapper-1.3.0.Final.jar;C:\Users\aijai\.m2\repository\org\projectodd\vdx\vdx-wildfly\1.1.6\vdx-wildfly-1.1.6.jar;C:\Users\aijai\.m2\repository\org\projectodd\vdx\vdx-core\1.1.6\vdx-core-1.1.6.jar;C:\Users\aijai\.m2\repository\org\wildfly\core\wildfly-core-management-client\13.0.0.Final\wildfly-core-management-client-13.0.0.Final.jar;C:\Users\aijai\.m2\repository\org\wildfly\core\wildfly-domain-http-interface\13.0.0.Final\wildfly-domain-http-interface-13.0.0.Final.jar;C:\Users\aijai\.m2\repository\org\wildfly\security\elytron-web\undertow-server\1.8.0.Final\undertow-server-1.8.0.Final.jar;C:\Users\aijai\.m2\repository\org\wildfly\core\wildfly-deployment-repository\13.0.0.Final\wildfly-deployment-repository-13.0.0.Final.jar;C:\Users\aijai\.m2\repository\org\wildfly\core\wildfly-platform-mbean\13.0.0.Final\wildfly-platform-mbean-13.0.0.Final.jar;C:\Users\aijai\.m2\repository\org\wildfly\core\wildfly-process-controller\13.0.0.Final\wildfly-process-controller-13.0.0.Final.jar;C:\Users\aijai\.m2\repository\org\wildfly\core\wildfly-network\13.0.0.Final\wildfly-network-13.0.0.Final.jar;C:\Users\aijai\.m2\repository\org\wildfly\core\wildfly-version\13.0.0.Final\wildfly-version-13.0.0.Final.jar;C:\Users\aijai\.m2\repository\org\jboss\jandex\2.1.3.Final\jandex-2.1.3.Final.jar;C:\Users\aijai\.m2\repository\org\jboss\classfilewriter\jboss-classfilewriter\1.2.4.Final\jboss-classfilewriter-1.2.4.Final.jar;C:\Users\aijai\.m2\repository\org\jboss\invocation\jboss-invocation\1.6.0.Final\jboss-invocation-1.6.0.Final.jar;C:\Users\aijai\.m2\repository\org\jboss\modules\jboss-modules\1.10.2.Final\jboss-modules-1.10.2.Final.jar;C:\Users\aijai\.m2\repository\org\jboss\stdio\jboss-stdio\1.1.0.Final\jboss-stdio-1.1.0.Final.jar;C:\Users\aijai\.m2\repository\org\jboss\jboss-vfs\3.2.15.Final\jboss-vfs-3.2.15.Final.jar;C:\Users\aijai\.m2\repository\io\undertow\undertow-core\2.2.0.Final\undertow-core-2.2.0.Final.jar;C:\Users\aijai\.m2\repository\org\eclipse\jgit\org.eclipse.jgit.ssh.apache\5.9.0.202009080501-r\org.eclipse.jgit.ssh.apache-5.9.0.202009080501-r.jar;C:\Users\aijai\.m2\repository\org\eclipse\jgit\org.eclipse.jgit\5.9.0.202009080501-r\org.eclipse.jgit-5.9.0.202009080501-r.jar;C:\Users\aijai\.m2\repository\com\googlecode\javaewah\JavaEWAH\1.1.7\JavaEWAH-1.1.7.jar;C:\Users\aijai\.m2\repository\org\apache\sshd\sshd-common\2.4.0\sshd-common-2.4.0.jar;C:\Users\aijai\.m2\repository\org\apache\sshd\sshd-core\2.4.0\sshd-core-2.4.0.jar;C:\Users\aijai\.m2\repository\org\wildfly\core\wildfly-controller-client\13.0.0.Final\wildfly-controller-client-13.0.0.Final.jar;C:\Users\aijai\.m2\repository\org\wildfly\core\wildfly-protocol\13.0.0.Final\wildfly-protocol-13.0.0.Final.jar;C:\Users\aijai\.m2\repository\org\jboss\jboss-dmr\1.5.1.Final\jboss-dmr-1.5.1.Final.jar;C:\Users\aijai\.m2\repository\org\wildfly\plugins\wildfly-plugin-core\2.0.2.Final\wildfly-plugin-core-2.0.2.Final.jar;C:\Users\aijai\.m2\repository\org\jboss\shrinkwrap\descriptors\shrinkwrap-descriptors-impl-base\2.0.0\shrinkwrap-descriptors-impl-base-2.0.0.jar;C:\Users\aijai\.m2\repository\org\wildfly\common\wildfly-common\1.5.4.Final\wildfly-common-1.5.4.Final.jar;C:\Users\aijai\.m2\repository\org\wildfly\arquillian\wildfly-arquillian-protocol-jmx\3.0.1.Final\wildfly-arquillian-protocol-jmx-3.0.1.Final.jar;C:\Users\aijai\.m2\repository\org\wildfly\security\wildfly-elytron\1.13.0.Final\wildfly-elytron-1.13.0.Final.jar;C:\Users\aijai\.m2\repository\org\jboss\arquillian\protocol\arquillian-protocol-jmx\1.6.0.Final\arquillian-protocol-jmx-1.6.0.Final.jar;C:\Users\aijai\.m2\repository\org\wildfly\core\wildfly-jmx\13.0.0.Final\wildfly-jmx-13.0.0.Final.jar;C:\Users\aijai\.m2\repository\org\jboss\msc\jboss-msc\1.4.12.Final\jboss-msc-1.4.12.Final.jar;C:\Users\aijai\.m2\repository\org\wildfly\core\wildfly-remoting\13.0.0.Final\wildfly-remoting-13.0.0.Final.jar;C:\Users\aijai\.m2\repository\org\wildfly\core\wildfly-domain-management\13.0.0.Final\wildfly-domain-management-13.0.0.Final.jar;C:\Users\aijai\.m2\repository\org\picketbox\picketbox\5.0.3.Final-redhat-00006\picketbox-5.0.3.Final-redhat-00006.jar;C:\Users\aijai\.m2\repository\org\wildfly\core\wildfly-io\13.0.0.Final\wildfly-io-13.0.0.Final.jar;C:\Users\aijai\.m2\repository\org\jboss\xnio\xnio-api\3.8.2.Final\xnio-api-3.8.2.Final.jar;C:\Users\aijai\.m2\repository\org\wildfly\client\wildfly-client-config\1.0.1.Final\wildfly-client-config-1.0.1.Final.jar;C:\Users\aijai\.m2\repository\org\jboss\threads\jboss-threads\2.3.3.Final\jboss-threads-2.3.3.Final.jar;C:\Users\aijai\.m2\repository\org\jboss\xnio\xnio-nio\3.8.2.Final\xnio-nio-3.8.2.Final.jar;C:\Users\aijai\.m2\repository\org\jboss\marshalling\jboss-marshalling\2.0.9.Final\jboss-marshalling-2.0.9.Final.jar;C:\Users\aijai\.m2\repository\org\jboss\marshalling\jboss-marshalling-river\2.0.9.Final\jboss-marshalling-river-2.0.9.Final.jar;C:\Users\aijai\.m2\repository\org\jboss\remoting\jboss-remoting\5.0.19.Final\jboss-remoting-5.0.19.Final.jar;C:\Users\aijai\.m2\repository\org\jboss\remotingjmx\remoting-jmx\3.0.4.Final\remoting-jmx-3.0.4.Final.jar;C:\Users\aijai\.m2\repository\org\wildfly\core\wildfly-launcher\13.0.0.Final\wildfly-launcher-13.0.0.Final.jar;C:\Users\aijai\.m2\repository\org\jboss\arquillian\core\arquillian-core-api\1.6.0.Final\arquillian-core-api-1.6.0.Final.jar;C:\Users\aijai\.m2\repository\junit\junit\4.13.2\junit-4.13.2.jar;C:\Users\aijai\.m2\repository\org\hamcrest\hamcrest-core\1.3\hamcrest-core-1.3.jar;C:\Users\aijai\.m2\repository\org\mockito\mockito-core\3.9.0\mockito-core-3.9.0.jar;C:\Users\aijai\.m2\repository\net\bytebuddy\byte-buddy\1.10.20\byte-buddy-1.10.20.jar;C:\Users\aijai\.m2\repository\net\bytebuddy\byte-buddy-agent\1.10.20\byte-buddy-agent-1.10.20.jar;C:\Users\aijai\.m2\repository\org\objenesis\objenesis\3.2\objenesis-3.2.jar;C:\Users\aijai\.m2\repository\org\hamcrest\hamcrest\2.2\hamcrest-2.2.jar;C:\Users\aijai\.m2\repository\org\assertj\assertj-core\3.19.0\assertj-core-3.19.0.jar;"/>
    <property name="sun.cpu.endian" value="little"/>
    <property name="user.home" value="C:\Users\aijai"/>
    <property name="user.language" value="en"/>
    <property name="java.specification.vendor" value="Oracle Corporation"/>
    <property name="java.home" value="C:\Program Files\Java\jdk1.8.0_281\jre"/>
    <property name="basedir" value="G:\apps\jakarta-starter\jakartaee8-starter"/>
    <property name="file.separator" value="\"/>
    <property name="line.separator" value="&#10;"/>
    <property name="java.vm.specification.vendor" value="Oracle Corporation"/>
    <property name="java.specification.name" value="Java Platform API Specification"/>
    <property name="java.awt.graphicsenv" value="sun.awt.Win32GraphicsEnvironment"/>
    <property name="surefire.real.class.path" value="C:\Users\aijai\AppData\Local\Temp\surefire1081506248609156641\surefirebooter7318421188798165890.jar"/>
    <property name="sun.boot.class.path" value="C:\Program Files\Java\jdk1.8.0_281\jre\lib\resources.jar;C:\Program Files\Java\jdk1.8.0_281\jre\lib\rt.jar;C:\Program Files\Java\jdk1.8.0_281\jre\lib\sunrsasign.jar;C:\Program Files\Java\jdk1.8.0_281\jre\lib\jsse.jar;C:\Program Files\Java\jdk1.8.0_281\jre\lib\jce.jar;C:\Program Files\Java\jdk1.8.0_281\jre\lib\charsets.jar;C:\Program Files\Java\jdk1.8.0_281\jre\lib\jfr.jar;C:\Program Files\Java\jdk1.8.0_281\jre\classes"/>
    <property name="user.script" value=""/>
    <property name="sun.management.compiler" value="HotSpot 64-Bit Tiered Compilers"/>
    <property name="java.runtime.version" value="1.8.0_281-b09"/>
    <property name="user.name" value="aijai"/>
    <property name="path.separator" value=";"/>
    <property name="os.version" value="10.0"/>
    <property name="java.endorsed.dirs" value="C:\Program Files\Java\jdk1.8.0_281\jre\lib\endorsed"/>
    <property name="java.runtime.name" value="Java(TM) SE Runtime Environment"/>
    <property name="file.encoding" value="Cp1252"/>
    <property name="java.vm.name" value="Java HotSpot(TM) 64-Bit Server VM"/>
    <property name="localRepository" value="C:\Users\aijai\.m2\repository"/>
    <property name="java.vendor.url.bug" value="http://bugreport.sun.com/bugreport/"/>
    <property name="java.io.tmpdir" value="C:\Users\aijai\AppData\Local\Temp\"/>
    <property name="java.version" value="1.8.0_281"/>
    <property name="user.dir" value="G:\apps\jakarta-starter\jakartaee8-starter"/>
    <property name="os.arch" value="amd64"/>
    <property name="java.vm.specification.name" value="Java Virtual Machine Specification"/>
    <property name="java.awt.printerjob" value="sun.awt.windows.WPrinterJob"/>
    <property name="sun.os.patch.level" value=""/>
    <property name="java.library.path" value="C:\Program Files\Java\jdk1.8.0_281\jre\bin;C:\WINDOWS\Sun\Java\bin;C:\WINDOWS\system32;C:\WINDOWS;C:\Program Files (x86)\Common Files\Oracle\Java\javapath;G:\apps\Python\Python39\Scripts\;G:\apps\Python\Python39\;C:\Program Files\Common Files\Oracle\Java\javapath;C:\WINDOWS\system32;C:\WINDOWS;C:\WINDOWS\System32\Wbem;C:\WINDOWS\System32\WindowsPowerShell\v1.0\;C:\WINDOWS\System32\OpenSSH\;C:\Program Files\Git\cmd;C:\Program Files\Java\jre1.8.0_291\bin;G:\apps\apache-maven-3.8.1\bin;C:\Users\aijai\AppData\Local\Microsoft\WindowsApps;;."/>
    <property name="java.vm.info" value="mixed mode"/>
    <property name="java.vendor" value="Oracle Corporation"/>
    <property name="java.vm.version" value="25.281-b09"/>
    <property name="java.ext.dirs" value="C:\Program Files\Java\jdk1.8.0_281\jre\lib\ext;C:\WINDOWS\Sun\Java\lib\ext"/>
    <property name="sun.io.unicode.encoding" value="UnicodeLittle"/>
    <property name="java.class.version" value="52.0"/>
  </properties>
  <testcase name="testGetUsers" classname="com.example.services.UserServiceTest" time="0.116">
    <system-out><![CDATA[15:27:26,377 INFO  [org.jboss.modules] (main) JBoss Modules version 1.10.1.Final
15:27:27,728 INFO  [org.jboss.msc] (main) JBoss MSC version 1.4.11.Final
15:27:27,742 INFO  [org.jboss.threads] (main) JBoss Threads version 2.3.3.Final
15:27:28,026 INFO  [org.jboss.as] (MSC service thread 1-2) WFLYSRV0049: WildFly Full 20.0.1.Final (WildFly Core 12.0.3.Final) starting
15:27:30,861 INFO  [org.wildfly.security] (ServerService Thread Pool -- 29) ELY00001: WildFly Elytron version 1.12.1.Final
15:27:32,938 INFO  [org.jboss.as.controller.management-deprecated] (Controller Boot Thread) WFLYCTL0028: Attribute 'security-realm' in the resource at address '/core-service=management/management-interface=http-interface' is deprecated, and may be removed in a future version. See the attribute description in the output of the read-resource-description operation to learn more about the deprecation.
15:27:32,997 INFO  [org.jboss.as.controller.management-deprecated] (ServerService Thread Pool -- 35) WFLYCTL0028: Attribute 'security-realm' in the resource at address '/subsystem=undertow/server=default-server/https-listener=https' is deprecated, and may be removed in a future version. See the attribute description in the output of the read-resource-description operation to learn more about the deprecation.
15:27:33,188 INFO  [org.jboss.as.server.deployment.scanner] (DeploymentScanner-threads - 1) WFLYDS0004: Found jakartaee8-starter.war in deployment directory. To trigger deployment create a file called jakartaee8-starter.war.dodeploy
15:27:33,323 INFO  [org.jboss.as.server] (Controller Boot Thread) WFLYSRV0039: Creating http management service using socket-binding (management-http)
15:27:33,406 INFO  [org.xnio] (MSC service thread 1-5) XNIO version 3.8.1.Final
15:27:33,415 INFO  [org.xnio.nio] (MSC service thread 1-5) XNIO NIO Implementation Version 3.8.1.Final
15:27:33,473 WARN  [org.jboss.as.txn] (ServerService Thread Pool -- 80) WFLYTX0013: The node-identifier attribute on the /subsystem=transactions is set to the default value. This is a danger for environments running multiple servers. Please make sure the attribute value is unique.
15:27:33,492 INFO  [org.jboss.as.clustering.infinispan] (ServerService Thread Pool -- 56) WFLYCLINF0001: Activating Infinispan subsystem.
15:27:33,492 INFO  [org.wildfly.extension.microprofile.config.smallrye._private] (ServerService Thread Pool -- 67) WFLYCONF0001: Activating WildFly MicroProfile Config Subsystem
15:27:33,500 INFO  [org.jboss.as.webservices] (ServerService Thread Pool -- 82) WFLYWS0002: Activating WebServices Extension
15:27:33,502 INFO  [org.jboss.as.security] (ServerService Thread Pool -- 78) WFLYSEC0002: Activating Security Subsystem
15:27:33,506 INFO  [org.wildfly.extension.microprofile.jwt.smallrye._private] (ServerService Thread Pool -- 69) WFLYJWT0001: Activating WildFly MicroProfile JWT Subsystem
15:27:33,512 INFO  [org.jboss.as.naming] (ServerService Thread Pool -- 72) WFLYNAM0001: Activating Naming Subsystem
15:27:33,523 INFO  [org.wildfly.extension.microprofile.opentracing] (ServerService Thread Pool -- 71) WFLYTRACEXT0001: Activating MicroProfile OpenTracing Subsystem
15:27:33,531 INFO  [org.wildfly.extension.microprofile.metrics.smallrye] (ServerService Thread Pool -- 70) WFLYMETRICS0001: Activating Eclipse MicroProfile Metrics Subsystem
15:27:33,543 INFO  [org.jboss.as.security] (MSC service thread 1-7) WFLYSEC0001: Current PicketBox version=5.0.3.Final-redhat-00005
15:27:33,548 INFO  [org.wildfly.extension.microprofile.health.smallrye] (ServerService Thread Pool -- 68) WFLYHEALTH0001: Activating Eclipse MicroProfile Health Subsystem
15:27:33,566 INFO  [org.jboss.as.connector] (MSC service thread 1-4) WFLYJCA0009: Starting JCA Subsystem (WildFly/IronJacamar 1.4.22.Final)
15:27:33,601 INFO  [org.wildfly.iiop.openjdk] (ServerService Thread Pool -- 55) WFLYIIOP0001: Activating IIOP Subsystem
15:27:33,634 INFO  [org.jboss.as.jsf] (ServerService Thread Pool -- 63) WFLYJSF0007: Activated the following JSF Implementations: [main]
15:27:33,646 INFO  [org.jboss.as.naming] (MSC service thread 1-7) WFLYNAM0003: Starting Naming Service
15:27:33,657 INFO  [org.jboss.as.connector.subsystems.datasources] (ServerService Thread Pool -- 47) WFLYJCA0004: Deploying JDBC-compliant driver class org.h2.Driver (version 1.4)
15:27:33,681 INFO  [org.jboss.as.mail.extension] (MSC service thread 1-4) WFLYMAIL0001: Bound mail session [java:jboss/mail/Default]
15:27:33,695 INFO  [org.wildfly.extension.undertow] (MSC service thread 1-7) WFLYUT0003: Undertow 2.1.3.Final starting
15:27:33,702 INFO  [org.jboss.as.connector.deployers.jdbc] (MSC service thread 1-7) WFLYJCA0018: Started Driver service with driver-name = h2
15:27:33,866 INFO  [org.wildfly.extension.undertow] (ServerService Thread Pool -- 81) WFLYUT0014: Creating file handler for path 'G:\apps\jboss-wildfly\wildfly-20.0.1.Final/welcome-content' with options [directory-listing: 'false', follow-symlink: 'false', case-sensitive: 'true', safe-symlink-paths: '[]']
15:27:34,004 INFO  [org.wildfly.extension.io] (ServerService Thread Pool -- 57) WFLYIO001: Worker 'default' has auto-configured to 16 IO threads with 128 max task threads based on your 8 available processors
15:27:34,018 INFO  [org.jboss.as.jaxrs] (ServerService Thread Pool -- 58) WFLYRS0016: RESTEasy version 3.12.1.Final
15:27:34,343 INFO  [org.jboss.remoting] (MSC service thread 1-8) JBoss Remoting version 5.0.18.Final
15:27:34,399 INFO  [org.wildfly.extension.undertow] (MSC service thread 1-5) WFLYUT0012: Started server default-server.
15:27:34,402 INFO  [org.wildfly.extension.undertow] (MSC service thread 1-5) WFLYUT0018: Host default-host starting
15:27:34,423 INFO  [org.jboss.as.ejb3] (MSC service thread 1-4) WFLYEJB0481: Strict pool slsb-strict-max-pool is using a max instance size of 128 (per class), which is derived from thread worker pool sizing.
15:27:34,425 INFO  [org.jboss.as.ejb3] (MSC service thread 1-1) WFLYEJB0482: Strict pool mdb-strict-max-pool is using a max instance size of 32 (per class), which is derived from the number of CPUs on this host.
15:27:34,494 INFO  [org.wildfly.extension.undertow] (MSC service thread 1-6) WFLYUT0006: Undertow HTTP listener default listening on 127.0.0.1:8080
15:27:34,614 INFO  [org.jboss.as.ejb3] (MSC service thread 1-7) WFLYEJB0493: EJB subsystem suspension complete
15:27:34,762 INFO  [org.jboss.as.connector.subsystems.datasources] (MSC service thread 1-4) WFLYJCA0001: Bound data source [java:jboss/datasources/ExampleDS]
15:27:35,033 INFO  [org.wildfly.iiop.openjdk] (MSC service thread 1-2) WFLYIIOP0009: CORBA ORB Service started
15:27:35,693 INFO  [org.jboss.as.patching] (MSC service thread 1-4) WFLYPAT0050: WildFly Full cumulative patch ID is: base, one-off patches include: none
15:27:35,703 INFO  [org.wildfly.extension.messaging-activemq] (MSC service thread 1-6) WFLYMSGAMQ0001: AIO wasn't located on this platform, it will fall back to using pure Java NIO.
15:27:35,753 WARN  [org.jboss.as.domain.management.security] (MSC service thread 1-3) WFLYDM0111: Keystore G:\apps\jboss-wildfly\wildfly-20.0.1.Final\standalone\configuration\application.keystore not found, it will be auto generated on first use with a self signed certificate for host localhost
15:27:35,775 INFO  [org.jboss.as.server.deployment.scanner] (MSC service thread 1-2) WFLYDS0013: Started FileSystemDeploymentService for directory G:\apps\jboss-wildfly\wildfly-20.0.1.Final\standalone\deployments
15:27:35,784 INFO  [org.jboss.as.server.deployment] (MSC service thread 1-8) WFLYSRV0027: Starting deployment of "jakartaee8-starter.war" (runtime-name: "jakartaee8-starter.war")
15:27:36,026 INFO  [org.apache.activemq.artemis.core.server] (ServerService Thread Pool -- 84) AMQ221000: live Message Broker is starting with configuration Broker Configuration (clustered=false,journalDirectory=G:\apps\jboss-wildfly\wildfly-20.0.1.Final\standalone\data\activemq\journal,bindingsDirectory=G:\apps\jboss-wildfly\wildfly-20.0.1.Final\standalone\data\activemq\bindings,largeMessagesDirectory=G:\apps\jboss-wildfly\wildfly-20.0.1.Final\standalone\data\activemq\largemessages,pagingDirectory=G:\apps\jboss-wildfly\wildfly-20.0.1.Final\standalone\data\activemq\paging)
15:27:36,109 INFO  [org.wildfly.extension.undertow] (MSC service thread 1-5) WFLYUT0006: Undertow HTTPS listener https listening on 127.0.0.1:8443
15:27:36,124 INFO  [org.apache.activemq.artemis.core.server] (ServerService Thread Pool -- 84) AMQ221013: Using NIO Journal
15:27:36,763 INFO  [org.apache.activemq.artemis.core.server] (ServerService Thread Pool -- 84) AMQ221043: Protocol module found: [artemis-server]. Adding protocol support for: CORE
15:27:36,765 INFO  [org.apache.activemq.artemis.core.server] (ServerService Thread Pool -- 84) AMQ221043: Protocol module found: [artemis-amqp-protocol]. Adding protocol support for: AMQP
15:27:36,765 INFO  [org.apache.activemq.artemis.core.server] (ServerService Thread Pool -- 84) AMQ221043: Protocol module found: [artemis-hornetq-protocol]. Adding protocol support for: HORNETQ
15:27:36,766 INFO  [org.apache.activemq.artemis.core.server] (ServerService Thread Pool -- 84) AMQ221043: Protocol module found: [artemis-stomp-protocol]. Adding protocol support for: STOMP
15:27:37,088 INFO  [org.apache.activemq.artemis.core.server] (ServerService Thread Pool -- 84) AMQ221034: Waiting indefinitely to obtain live lock
15:27:37,089 INFO  [org.apache.activemq.artemis.core.server] (ServerService Thread Pool -- 84) AMQ221035: Live Server Obtained live lock
15:27:37,371 INFO  [org.jboss.ws.common.management] (MSC service thread 1-3) JBWS022052: Starting JBossWS 5.4.1.Final (Apache CXF 3.3.6) 
15:27:38,891 INFO  [org.apache.activemq.artemis.core.server] (ServerService Thread Pool -- 84) AMQ221003: Deploying ANYCAST queue jms.queue.ExpiryQueue on address jms.queue.ExpiryQueue
15:27:38,892 INFO  [org.apache.activemq.artemis.core.server] (ServerService Thread Pool -- 84) AMQ221003: Deploying ANYCAST queue jms.queue.DLQ on address jms.queue.DLQ
15:27:38,898 INFO  [org.wildfly.extension.messaging-activemq] (MSC service thread 1-2) WFLYMSGAMQ0016: Registered HTTP upgrade for activemq-remoting protocol handled by http-acceptor-throughput acceptor
15:27:38,898 INFO  [org.wildfly.extension.messaging-activemq] (MSC service thread 1-5) WFLYMSGAMQ0016: Registered HTTP upgrade for activemq-remoting protocol handled by http-acceptor-throughput acceptor
15:27:38,898 INFO  [org.wildfly.extension.messaging-activemq] (MSC service thread 1-6) WFLYMSGAMQ0016: Registered HTTP upgrade for activemq-remoting protocol handled by http-acceptor acceptor
15:27:38,898 INFO  [org.wildfly.extension.messaging-activemq] (MSC service thread 1-1) WFLYMSGAMQ0016: Registered HTTP upgrade for activemq-remoting protocol handled by http-acceptor acceptor
15:27:39,796 INFO  [org.apache.activemq.artemis.core.server] (ServerService Thread Pool -- 84) AMQ221007: Server is now live
15:27:39,797 INFO  [org.apache.activemq.artemis.core.server] (ServerService Thread Pool -- 84) AMQ221001: Apache ActiveMQ Artemis Message Broker version 2.10.1 [default, nodeID=01852c93-ac2e-11eb-aa6a-706655e6d1f1] 
15:27:39,814 INFO  [org.wildfly.extension.messaging-activemq] (ServerService Thread Pool -- 84) WFLYMSGAMQ0002: Bound messaging object to jndi name java:/ConnectionFactory
15:27:39,889 INFO  [org.wildfly.extension.messaging-activemq] (ServerService Thread Pool -- 85) WFLYMSGAMQ0002: Bound messaging object to jndi name java:jboss/exported/jms/RemoteConnectionFactory
15:27:40,100 INFO  [org.jboss.as.connector.deployment] (MSC service thread 1-4) WFLYJCA0007: Registered connection factory java:/JmsXA
15:27:40,181 INFO  [org.apache.activemq.artemis.ra] (MSC service thread 1-4) AMQ151007: Resource adaptor started
15:27:40,181 INFO  [org.jboss.as.connector.services.resourceadapters.ResourceAdapterActivatorService$ResourceAdapterActivator] (MSC service thread 1-4) IJ020002: Deployed: file://RaActivatoractivemq-ra
15:27:40,183 INFO  [org.jboss.as.connector.deployment] (MSC service thread 1-1) WFLYJCA0002: Bound JCA ConnectionFactory [java:/JmsXA]
15:27:40,183 INFO  [org.jboss.as.connector.deployment] (MSC service thread 1-3) WFLYJCA0118: Binding connection factory named java:/JmsXA to alias java:jboss/DefaultJMSConnectionFactory
15:27:42,882 INFO  [org.jboss.as.jpa] (MSC service thread 1-7) WFLYJPA0002: Read persistence.xml for defaultPU
15:27:43,661 INFO  [org.jboss.weld.deployer] (MSC service thread 1-3) WFLYWELD0003: Processing weld deployment jakartaee8-starter.war
15:27:43,918 INFO  [org.hibernate.validator.internal.util.Version] (MSC service thread 1-3) HV000001: Hibernate Validator 6.0.20.Final
15:27:44,175 INFO  [org.jboss.as.ejb3.deployment] (MSC service thread 1-3) WFLYEJB0473: JNDI bindings for session bean named 'UserDAO' in deployment unit 'deployment "jakartaee8-starter.war"' are as follows:

	java:global/jakartaee8-starter/UserDAO!com.example.dao.UserDAO
	java:app/jakartaee8-starter/UserDAO!com.example.dao.UserDAO
	java:module/UserDAO!com.example.dao.UserDAO
	java:global/jakartaee8-starter/UserDAO
	java:app/jakartaee8-starter/UserDAO
	java:module/UserDAO

15:27:44,175 INFO  [org.jboss.as.ejb3.deployment] (MSC service thread 1-3) WFLYEJB0473: JNDI bindings for session bean named 'SampleDataGenerator' in deployment unit 'deployment "jakartaee8-starter.war"' are as follows:

	java:global/jakartaee8-starter/SampleDataGenerator!com.example.dao.SampleDataGenerator
	java:app/jakartaee8-starter/SampleDataGenerator!com.example.dao.SampleDataGenerator
	java:module/SampleDataGenerator!com.example.dao.SampleDataGenerator
	java:global/jakartaee8-starter/SampleDataGenerator
	java:app/jakartaee8-starter/SampleDataGenerator
	java:module/SampleDataGenerator

15:27:44,496 INFO  [io.jaegertracing.internal.JaegerTracer] (MSC service thread 1-3) No shutdown hook registered: Please call close() manually on application shutdown.
15:27:45,061 WARN  [org.jboss.as.jaxrs] (MSC service thread 1-5) WFLYRS0018: Explicit usage of Jackson annotation in a JAX-RS deployment; the system will disable JSON-B processing for the current deployment. Consider setting the 'resteasy.preferJacksonOverJsonB' property to 'false' to restore JSON-B.
15:27:45,115 INFO  [org.jboss.weld.Version] (MSC service thread 1-5) WELD-000900: 3.1.4 (Final)
15:27:45,412 INFO  [org.infinispan.PERSISTENCE] (MSC service thread 1-4) ISPN000556: Starting user marshaller 'org.wildfly.clustering.infinispan.marshalling.jboss.JBossMarshaller'
15:27:45,412 INFO  [org.infinispan.PERSISTENCE] (MSC service thread 1-7) ISPN000556: Starting user marshaller 'org.wildfly.clustering.infinispan.marshalling.jboss.JBossMarshaller'
15:27:45,440 INFO  [org.infinispan.CONTAINER] (MSC service thread 1-4) ISPN000128: Infinispan version: Infinispan 'Turia' 10.1.8.Final
15:27:45,841 INFO  [org.jboss.as.clustering.infinispan] (ServerService Thread Pool -- 85) WFLYCLINF0002: Started client-mappings cache from ejb container
15:27:45,863 INFO  [org.jboss.as.jpa] (ServerService Thread Pool -- 86) WFLYJPA0003: Starting Persistence Unit Service 'jakartaee8-starter.war#defaultPU'
15:27:45,926 INFO  [org.hibernate.jpa.internal.util.LogHelper] (ServerService Thread Pool -- 86) HHH000204: Processing PersistenceUnitInfo [
	name: defaultPU
	...]
15:27:46,148 INFO  [org.hibernate.Version] (ServerService Thread Pool -- 86) HHH000412: Hibernate Core {5.3.17.Final}
15:27:46,151 INFO  [org.hibernate.cfg.Environment] (ServerService Thread Pool -- 86) HHH000206: hibernate.properties not found
15:27:46,531 INFO  [org.hibernate.annotations.common.Version] (ServerService Thread Pool -- 86) HCANN000001: Hibernate Commons Annotations {5.0.5.Final}
15:27:47,249 INFO  [org.hibernate.dialect.Dialect] (ServerService Thread Pool -- 86) HHH000400: Using dialect: org.hibernate.dialect.H2Dialect
15:27:47,259 WARN  [org.hibernate.dialect.H2Dialect] (ServerService Thread Pool -- 86) HHH000431: Unable to determine H2 database version, certain features may not work
15:27:47,337 INFO  [org.hibernate.envers.boot.internal.EnversServiceImpl] (ServerService Thread Pool -- 86) Envers integration enabled? : true
15:27:47,956 WARNING [org.jgroups.conf.XmlConfigurator] (ServerService Thread Pool -- 86) version is missing in the configuration file
15:27:47,960 WARNING [org.jgroups.conf.XmlConfigurator] (ServerService Thread Pool -- 86) version is missing in the configuration file
15:27:47,962 WARNING [org.jgroups.conf.XmlConfigurator] (ServerService Thread Pool -- 86) version is missing in the configuration file
15:27:47,964 WARNING [org.jgroups.conf.XmlConfigurator] (ServerService Thread Pool -- 86) version is missing in the configuration file
15:27:47,966 WARNING [org.jgroups.conf.XmlConfigurator] (ServerService Thread Pool -- 86) version is missing in the configuration file
15:27:47,967 WARNING [org.jgroups.conf.XmlConfigurator] (ServerService Thread Pool -- 86) version is missing in the configuration file
15:27:48,578 INFO  [stdout] (ServerService Thread Pool -- 86) Hibernate: 
15:27:48,579 INFO  [stdout] (ServerService Thread Pool -- 86)     
15:27:48,579 INFO  [stdout] (ServerService Thread Pool -- 86)     drop table users if exists
15:27:48,590 INFO  [stdout] (ServerService Thread Pool -- 86) Hibernate: 
15:27:48,590 INFO  [stdout] (ServerService Thread Pool -- 86)     
15:27:48,590 INFO  [stdout] (ServerService Thread Pool -- 86)     drop sequence if exists hibernate_sequence
15:27:48,596 INFO  [stdout] (ServerService Thread Pool -- 86) Hibernate: create sequence hibernate_sequence start with 1 increment by 1
15:27:48,597 INFO  [stdout] (ServerService Thread Pool -- 86) Hibernate: 
15:27:48,597 INFO  [stdout] (ServerService Thread Pool -- 86)     
15:27:48,597 INFO  [stdout] (ServerService Thread Pool -- 86)     create table users (
15:27:48,597 INFO  [stdout] (ServerService Thread Pool -- 86)        id bigint not null,
15:27:48,597 INFO  [stdout] (ServerService Thread Pool -- 86)         birthDate timestamp,
15:27:48,597 INFO  [stdout] (ServerService Thread Pool -- 86)         createdAt timestamp,
15:27:48,598 INFO  [stdout] (ServerService Thread Pool -- 86)         deactivated boolean not null,
15:27:48,598 INFO  [stdout] (ServerService Thread Pool -- 86)         firstName varchar(255),
15:27:48,598 INFO  [stdout] (ServerService Thread Pool -- 86)         lastName varchar(255),
15:27:48,598 INFO  [stdout] (ServerService Thread Pool -- 86)         primary key (id)
15:27:48,598 INFO  [stdout] (ServerService Thread Pool -- 86)     )
15:27:48,603 INFO  [org.hibernate.tool.schema.internal.SchemaCreatorImpl] (ServerService Thread Pool -- 86) HHH000476: Executing import script 'org.hibernate.tool.schema.internal.exec.ScriptSourceInputNonExistentImpl@3d47190c'
15:27:48,782 WARN  [org.jboss.weld.Bootstrap] (MSC service thread 1-8) WELD-000146: BeforeBeanDiscovery.addAnnotatedType(AnnotatedType<?>) used for class com.sun.faces.flow.FlowDiscoveryCDIHelper is deprecated from CDI 1.1!
15:27:48,893 INFO  [io.smallrye.metrics] (MSC service thread 1-8) MicroProfile: Metrics activated (SmallRye Metrics version: 2.4.0)
15:27:49,770 INFO  [com.example.dao.SampleDataGenerator] (ServerService Thread Pool -- 84) start generating sample data...
15:27:49,923 INFO  [org.hibernate.hql.internal.QueryTranslatorFactoryInitiator] (ServerService Thread Pool -- 84) HHH000397: Using ASTQueryTranslatorFactory
15:27:50,062 INFO  [stdout] (ServerService Thread Pool -- 84) Hibernate: 
15:27:50,063 INFO  [stdout] (ServerService Thread Pool -- 84)     delete 
15:27:50,063 INFO  [stdout] (ServerService Thread Pool -- 84)     from
15:27:50,063 INFO  [stdout] (ServerService Thread Pool -- 84)         users
15:27:50,078 INFO  [com.example.dao.SampleDataGenerator] (ServerService Thread Pool -- 84) clear existing data, deleted purchase order: 0
15:27:50,111 INFO  [stdout] (ServerService Thread Pool -- 84) Hibernate: 
15:27:50,111 INFO  [stdout] (ServerService Thread Pool -- 84)     call next value for hibernate_sequence
15:27:50,167 INFO  [stdout] (ServerService Thread Pool -- 84) Hibernate: 
15:27:50,167 INFO  [stdout] (ServerService Thread Pool -- 84)     insert 
15:27:50,167 INFO  [stdout] (ServerService Thread Pool -- 84)     into
15:27:50,167 INFO  [stdout] (ServerService Thread Pool -- 84)         users
15:27:50,167 INFO  [stdout] (ServerService Thread Pool -- 84)         (birthDate, createdAt, deactivated, firstName, lastName, id) 
15:27:50,167 INFO  [stdout] (ServerService Thread Pool -- 84)     values
15:27:50,167 INFO  [stdout] (ServerService Thread Pool -- 84)         (?, ?, ?, ?, ?, ?)
15:27:50,176 INFO  [stdout] (ServerService Thread Pool -- 84) Hibernate: 
15:27:50,176 INFO  [stdout] (ServerService Thread Pool -- 84)     call next value for hibernate_sequence
15:27:50,178 INFO  [stdout] (ServerService Thread Pool -- 84) Hibernate: 
15:27:50,178 INFO  [stdout] (ServerService Thread Pool -- 84)     insert 
15:27:50,178 INFO  [stdout] (ServerService Thread Pool -- 84)     into
15:27:50,178 INFO  [stdout] (ServerService Thread Pool -- 84)         users
15:27:50,178 INFO  [stdout] (ServerService Thread Pool -- 84)         (birthDate, createdAt, deactivated, firstName, lastName, id) 
15:27:50,178 INFO  [stdout] (ServerService Thread Pool -- 84)     values
15:27:50,178 INFO  [stdout] (ServerService Thread Pool -- 84)         (?, ?, ?, ?, ?, ?)
15:27:50,180 INFO  [stdout] (ServerService Thread Pool -- 84) Hibernate: 
15:27:50,180 INFO  [stdout] (ServerService Thread Pool -- 84)     call next value for hibernate_sequence
15:27:50,181 INFO  [stdout] (ServerService Thread Pool -- 84) Hibernate: 
15:27:50,181 INFO  [stdout] (ServerService Thread Pool -- 84)     insert 
15:27:50,181 INFO  [stdout] (ServerService Thread Pool -- 84)     into
15:27:50,182 INFO  [stdout] (ServerService Thread Pool -- 84)         users
15:27:50,182 INFO  [stdout] (ServerService Thread Pool -- 84)         (birthDate, createdAt, deactivated, firstName, lastName, id) 
15:27:50,182 INFO  [stdout] (ServerService Thread Pool -- 84)     values
15:27:50,182 INFO  [stdout] (ServerService Thread Pool -- 84)         (?, ?, ?, ?, ?, ?)
15:27:50,183 INFO  [stdout] (ServerService Thread Pool -- 84) Hibernate: 
15:27:50,183 INFO  [stdout] (ServerService Thread Pool -- 84)     call next value for hibernate_sequence
15:27:50,185 INFO  [stdout] (ServerService Thread Pool -- 84) Hibernate: 
15:27:50,185 INFO  [stdout] (ServerService Thread Pool -- 84)     insert 
15:27:50,185 INFO  [stdout] (ServerService Thread Pool -- 84)     into
15:27:50,185 INFO  [stdout] (ServerService Thread Pool -- 84)         users
15:27:50,185 INFO  [stdout] (ServerService Thread Pool -- 84)         (birthDate, createdAt, deactivated, firstName, lastName, id) 
15:27:50,185 INFO  [stdout] (ServerService Thread Pool -- 84)     values
15:27:50,185 INFO  [stdout] (ServerService Thread Pool -- 84)         (?, ?, ?, ?, ?, ?)
15:27:50,186 INFO  [stdout] (ServerService Thread Pool -- 84) Hibernate: 
15:27:50,187 INFO  [stdout] (ServerService Thread Pool -- 84)     call next value for hibernate_sequence
15:27:50,188 INFO  [stdout] (ServerService Thread Pool -- 84) Hibernate: 
15:27:50,188 INFO  [stdout] (ServerService Thread Pool -- 84)     insert 
15:27:50,188 INFO  [stdout] (ServerService Thread Pool -- 84)     into
15:27:50,188 INFO  [stdout] (ServerService Thread Pool -- 84)         users
15:27:50,188 INFO  [stdout] (ServerService Thread Pool -- 84)         (birthDate, createdAt, deactivated, firstName, lastName, id) 
15:27:50,188 INFO  [stdout] (ServerService Thread Pool -- 84)     values
15:27:50,188 INFO  [stdout] (ServerService Thread Pool -- 84)         (?, ?, ?, ?, ?, ?)
15:27:50,217 INFO  [stdout] (ServerService Thread Pool -- 84) Hibernate: 
15:27:50,217 INFO  [stdout] (ServerService Thread Pool -- 84)     select
15:27:50,217 INFO  [stdout] (ServerService Thread Pool -- 84)         user0_.id as id1_0_,
15:27:50,217 INFO  [stdout] (ServerService Thread Pool -- 84)         user0_.birthDate as birthDat2_0_,
15:27:50,217 INFO  [stdout] (ServerService Thread Pool -- 84)         user0_.createdAt as createdA3_0_,
15:27:50,217 INFO  [stdout] (ServerService Thread Pool -- 84)         user0_.deactivated as deactiva4_0_,
15:27:50,217 INFO  [stdout] (ServerService Thread Pool -- 84)         user0_.firstName as firstNam5_0_,
15:27:50,218 INFO  [stdout] (ServerService Thread Pool -- 84)         user0_.lastName as lastName6_0_ 
15:27:50,218 INFO  [stdout] (ServerService Thread Pool -- 84)     from
15:27:50,218 INFO  [stdout] (ServerService Thread Pool -- 84)         users user0_ 
15:27:50,218 INFO  [stdout] (ServerService Thread Pool -- 84)     where
15:27:50,218 INFO  [stdout] (ServerService Thread Pool -- 84)         user0_.deactivated=0
15:27:50,224 INFO  [com.example.dao.SampleDataGenerator] (ServerService Thread Pool -- 84) saved user: User(id=1, firstName=etunimi1, lastName=sukunimi1, birthDate=1981-01-01, deactivated=false, createdAt=null)
15:27:50,225 INFO  [com.example.dao.SampleDataGenerator] (ServerService Thread Pool -- 84) saved user: User(id=2, firstName=etunimi2, lastName=sukunimi2, birthDate=1981-02-02, deactivated=false, createdAt=null)
15:27:50,225 INFO  [com.example.dao.SampleDataGenerator] (ServerService Thread Pool -- 84) saved user: User(id=3, firstName=etunimi3, lastName=sukunimi3, birthDate=1981-03-03, deactivated=false, createdAt=null)
15:27:50,225 INFO  [com.example.dao.SampleDataGenerator] (ServerService Thread Pool -- 84) saved user: User(id=4, firstName=etunimi4, lastName=sukunimi4, birthDate=1981-04-04, deactivated=false, createdAt=null)
15:27:50,225 INFO  [com.example.dao.SampleDataGenerator] (ServerService Thread Pool -- 84) saved user: User(id=5, firstName=etunimi5, lastName=sukunimi5, birthDate=1981-05-05, deactivated=false, createdAt=null)
15:27:50,400 INFO  [javax.enterprise.resource.webcontainer.jsf.config] (ServerService Thread Pool -- 84) Initializing Mojarra 2.3.9.SP11 for context '/jakartaee8-starter'
15:27:52,310 INFO  [org.primefaces.webapp.PostConstructApplicationEventListener] (ServerService Thread Pool -- 84) Running on PrimeFaces 7.0
15:27:53,032 INFO  [org.jboss.resteasy.resteasy_jaxrs.i18n] (ServerService Thread Pool -- 84) RESTEASY002225: Deploying javax.ws.rs.core.Application: class com.example.JaxrsActivator$Proxy$_$$_WeldClientProxy
15:27:53,221 INFO  [org.wildfly.extension.undertow] (ServerService Thread Pool -- 84) WFLYUT0021: Registered web context: '/jakartaee8-starter' for server 'default-server'
15:27:53,338 INFO  [org.jboss.as.server] (ServerService Thread Pool -- 48) WFLYSRV0010: Deployed "jakartaee8-starter.war" (runtime-name : "jakartaee8-starter.war")
15:27:53,514 INFO  [org.jboss.as.server] (Controller Boot Thread) WFLYSRV0212: Resuming server
15:27:53,517 INFO  [org.jboss.as] (Controller Boot Thread) WFLYSRV0025: WildFly Full 20.0.1.Final (WildFly Core 12.0.3.Final) started in 28706ms - Started 555 of 770 services (391 services are lazy, passive or on-demand)
15:27:53,556 INFO  [org.jboss.as] (Controller Boot Thread) WFLYSRV0060: Http management interface listening on http://127.0.0.1:9990/management
15:27:53,557 INFO  [org.jboss.as] (Controller Boot Thread) WFLYSRV0051: Admin console listening on http://127.0.0.1:9990
15:27:55,084 INFO  [org.jboss.as.repository] (management-handler-thread - 1) WFLYDR0001: Content added at location G:\apps\jboss-wildfly\wildfly-20.0.1.Final\standalone\data\content\41\b943b2757b21d4130e38f2a91dd66945675a14\content
15:27:55,089 INFO  [org.jboss.as.server.deployment] (MSC service thread 1-6) WFLYSRV0027: Starting deployment of "test.war" (runtime-name: "test.war")
15:27:55,679 INFO  [org.jboss.as.jpa] (MSC service thread 1-4) WFLYJPA0002: Read persistence.xml for defaultPU
15:27:55,705 INFO  [org.jboss.weld.deployer] (MSC service thread 1-6) WFLYWELD0003: Processing weld deployment test.war
15:27:55,741 INFO  [org.jboss.as.ejb3.deployment] (MSC service thread 1-6) WFLYEJB0473: JNDI bindings for session bean named 'UserDAO' in deployment unit 'deployment "test.war"' are as follows:

	java:global/test/UserDAO!com.example.dao.UserDAO
	java:app/test/UserDAO!com.example.dao.UserDAO
	java:module/UserDAO!com.example.dao.UserDAO
	java:global/test/UserDAO
	java:app/test/UserDAO
	java:module/UserDAO

15:27:55,782 INFO  [io.jaegertracing.internal.JaegerTracer] (MSC service thread 1-6) No shutdown hook registered: Please call close() manually on application shutdown.
15:27:55,862 INFO  [org.jboss.as.jpa] (ServerService Thread Pool -- 84) WFLYJPA0003: Starting Persistence Unit Service 'test.war#defaultPU'
15:27:55,862 INFO  [org.hibernate.jpa.internal.util.LogHelper] (ServerService Thread Pool -- 84) HHH000204: Processing PersistenceUnitInfo [
	name: defaultPU
	...]
15:27:55,888 INFO  [org.hibernate.dialect.Dialect] (ServerService Thread Pool -- 84) HHH000400: Using dialect: org.hibernate.dialect.H2Dialect
15:27:55,889 WARN  [org.hibernate.dialect.H2Dialect] (ServerService Thread Pool -- 84) HHH000431: Unable to determine H2 database version, certain features may not work
15:27:55,896 INFO  [org.hibernate.envers.boot.internal.EnversServiceImpl] (ServerService Thread Pool -- 84) Envers integration enabled? : true
15:27:55,912 WARNING [org.jgroups.conf.XmlConfigurator] (ServerService Thread Pool -- 84) version is missing in the configuration file
15:27:55,915 WARNING [org.jgroups.conf.XmlConfigurator] (ServerService Thread Pool -- 84) version is missing in the configuration file
15:27:55,917 WARNING [org.jgroups.conf.XmlConfigurator] (ServerService Thread Pool -- 84) version is missing in the configuration file
15:27:55,919 WARNING [org.jgroups.conf.XmlConfigurator] (ServerService Thread Pool -- 84) version is missing in the configuration file
15:27:55,921 WARNING [org.jgroups.conf.XmlConfigurator] (ServerService Thread Pool -- 84) version is missing in the configuration file
15:27:55,923 WARNING [org.jgroups.conf.XmlConfigurator] (ServerService Thread Pool -- 84) version is missing in the configuration file
15:27:55,960 INFO  [stdout] (ServerService Thread Pool -- 84) Hibernate: 
15:27:55,961 INFO  [stdout] (ServerService Thread Pool -- 84)     
15:27:55,961 INFO  [stdout] (ServerService Thread Pool -- 84)     drop table users if exists
15:27:55,963 INFO  [stdout] (ServerService Thread Pool -- 84) Hibernate: 
15:27:55,963 INFO  [stdout] (ServerService Thread Pool -- 84)     
15:27:55,963 INFO  [stdout] (ServerService Thread Pool -- 84)     drop sequence if exists hibernate_sequence
15:27:55,964 INFO  [stdout] (ServerService Thread Pool -- 84) Hibernate: create sequence hibernate_sequence start with 1 increment by 1
15:27:55,965 INFO  [stdout] (ServerService Thread Pool -- 84) Hibernate: 
15:27:55,965 INFO  [stdout] (ServerService Thread Pool -- 84)     
15:27:55,965 INFO  [stdout] (ServerService Thread Pool -- 84)     create table users (
15:27:55,966 INFO  [stdout] (ServerService Thread Pool -- 84)        id bigint not null,
15:27:55,966 INFO  [stdout] (ServerService Thread Pool -- 84)         birthDate timestamp,
15:27:55,966 INFO  [stdout] (ServerService Thread Pool -- 84)         createdAt timestamp,
15:27:55,966 INFO  [stdout] (ServerService Thread Pool -- 84)         deactivated boolean not null,
15:27:55,966 INFO  [stdout] (ServerService Thread Pool -- 84)         firstName varchar(255),
15:27:55,966 INFO  [stdout] (ServerService Thread Pool -- 84)         lastName varchar(255),
15:27:55,966 INFO  [stdout] (ServerService Thread Pool -- 84)         primary key (id)
15:27:55,966 INFO  [stdout] (ServerService Thread Pool -- 84)     )
15:27:55,970 INFO  [org.hibernate.tool.schema.internal.SchemaCreatorImpl] (ServerService Thread Pool -- 84) HHH000476: Executing import script 'org.hibernate.tool.schema.internal.exec.ScriptSourceInputNonExistentImpl@3d47190c'
15:27:56,212 INFO  [io.smallrye.metrics] (MSC service thread 1-6) MicroProfile: Metrics activated (SmallRye Metrics version: 2.4.0)
15:27:56,418 INFO  [org.wildfly.extension.undertow] (ServerService Thread Pool -- 84) WFLYUT0021: Registered web context: '/test' for server 'default-server'
15:27:56,567 INFO  [org.jboss.as.server] (management-handler-thread - 1) WFLYSRV0010: Deployed "test.war" (runtime-name : "test.war")
15:27:57,175 INFO  [com.example.controllers.UserController] (default task-1) entering saveUser
15:27:57,190 INFO  [stdout] (default task-1) Hibernate: 
15:27:57,190 INFO  [stdout] (default task-1)     call next value for hibernate_sequence
15:27:57,210 INFO  [stdout] (default task-1) Hibernate: 
15:27:57,210 INFO  [stdout] (default task-1)     insert 
15:27:57,210 INFO  [stdout] (default task-1)     into
15:27:57,210 INFO  [stdout] (default task-1)         users
15:27:57,210 INFO  [stdout] (default task-1)         (birthDate, createdAt, deactivated, firstName, lastName, id) 
15:27:57,210 INFO  [stdout] (default task-1)     values
15:27:57,211 INFO  [stdout] (default task-1)         (?, ?, ?, ?, ?, ?)
15:27:57,214 INFO  [com.example.controllers.UserController] (default task-1) entering getUsers
15:27:57,215 INFO  [org.hibernate.hql.internal.QueryTranslatorFactoryInitiator] (default task-1) HHH000397: Using ASTQueryTranslatorFactory
15:27:57,217 INFO  [stdout] (default task-1) Hibernate: 
15:27:57,217 INFO  [stdout] (default task-1)     select
15:27:57,217 INFO  [stdout] (default task-1)         user0_.id as id1_0_,
15:27:57,218 INFO  [stdout] (default task-1)         user0_.birthDate as birthDat2_0_,
15:27:57,218 INFO  [stdout] (default task-1)         user0_.createdAt as createdA3_0_,
15:27:57,218 INFO  [stdout] (default task-1)         user0_.deactivated as deactiva4_0_,
15:27:57,218 INFO  [stdout] (default task-1)         user0_.firstName as firstNam5_0_,
15:27:57,218 INFO  [stdout] (default task-1)         user0_.lastName as lastName6_0_ 
15:27:57,218 INFO  [stdout] (default task-1)     from
15:27:57,218 INFO  [stdout] (default task-1)         users user0_ 
15:27:57,218 INFO  [stdout] (default task-1)     where
15:27:57,218 INFO  [stdout] (default task-1)         user0_.deactivated=0
]]></system-out>
    <system-err><![CDATA[Jul 15, 2021 3:27:22 PM org.jboss.threads.Version <clinit>
INFO: JBoss Threads version 2.3.3.Final
Jul 15, 2021 3:27:24 PM org.jboss.as.arquillian.container.CommonManagedDeployableContainer startInternal
INFO: Starting container with: ["C:\Program Files\Java\jdk1.8.0_281\bin\java", -D[Standalone], -Xms64m, -Xmx512m, -Djava.net.preferIPv4Stack=true, -Djava.awt.headless=true, -Djboss.modules.system.pkgs=org.jboss.byteman, -ea, -Djboss.home.dir=G:\apps\jboss-wildfly\wildfly-20.0.1.Final, -Djboss.home.dir=G:\apps\jboss-wildfly\wildfly-20.0.1.Final, -Djboss.server.base.dir=G:\apps\jboss-wildfly\wildfly-20.0.1.Final\standalone, -Djboss.server.log.dir=G:\apps\jboss-wildfly\wildfly-20.0.1.Final\standalone\log, -Djboss.server.config.dir=G:\apps\jboss-wildfly\wildfly-20.0.1.Final\standalone\configuration, -Dorg.jboss.boot.log.file=G:\apps\jboss-wildfly\wildfly-20.0.1.Final\standalone\log\server.log, -Dlogging.configuration=file:G:\apps\jboss-wildfly\wildfly-20.0.1.Final\standalone\configuration\logging.properties, -jar, G:\apps\jboss-wildfly\wildfly-20.0.1.Final\jboss-modules.jar, -mp, G:\apps\jboss-wildfly\wildfly-20.0.1.Final\modules, org.jboss.as.standalone]
Jul 15, 2021 3:27:24 PM org.jboss.remoting3.EndpointImpl <clinit>
INFO: JBoss Remoting version 5.0.19.Final
Jul 15, 2021 3:27:24 PM org.xnio.Xnio <clinit>
INFO: XNIO version 3.8.2.Final
Jul 15, 2021 3:27:24 PM org.xnio.nio.NioXnio <clinit>
INFO: XNIO NIO Implementation Version 3.8.2.Final
Jul 15, 2021 3:27:25 PM org.wildfly.security.Version <clinit>
INFO: ELY00001: WildFly Elytron version 1.13.0.Final
]]></system-err>
  </testcase>
  <testcase name="testFindMockUser2ByName" classname="com.example.services.UserServiceTest" time="0.07">
    <system-out><![CDATA[15:27:57,275 INFO  [com.example.controllers.UserController] (default task-2) entered /user-by-name/ with firstName = "null" and lastName = "sukunimi2"
15:27:57,285 INFO  [stdout] (default task-2) Hibernate: 
15:27:57,285 INFO  [stdout] (default task-2)     select
15:27:57,285 INFO  [stdout] (default task-2)         user0_.id as id1_0_,
15:27:57,285 INFO  [stdout] (default task-2)         user0_.birthDate as birthDat2_0_,
15:27:57,285 INFO  [stdout] (default task-2)         user0_.createdAt as createdA3_0_,
15:27:57,286 INFO  [stdout] (default task-2)         user0_.deactivated as deactiva4_0_,
15:27:57,286 INFO  [stdout] (default task-2)         user0_.firstName as firstNam5_0_,
15:27:57,286 INFO  [stdout] (default task-2)         user0_.lastName as lastName6_0_ 
15:27:57,286 INFO  [stdout] (default task-2)     from
15:27:57,286 INFO  [stdout] (default task-2)         users user0_ 
15:27:57,286 INFO  [stdout] (default task-2)     where
15:27:57,286 INFO  [stdout] (default task-2)         user0_.deactivated=0 
15:27:57,286 INFO  [stdout] (default task-2)         and user0_.lastName='sukunimi2'
15:27:57,289 INFO  [com.example.controllers.UserController] (default task-2) entering saveUser
15:27:57,290 INFO  [stdout] (default task-2) Hibernate: 
15:27:57,290 INFO  [stdout] (default task-2)     call next value for hibernate_sequence
15:27:57,291 INFO  [stdout] (default task-2) Hibernate: 
15:27:57,291 INFO  [stdout] (default task-2)     insert 
15:27:57,291 INFO  [stdout] (default task-2)     into
15:27:57,291 INFO  [stdout] (default task-2)         users
15:27:57,292 INFO  [stdout] (default task-2)         (birthDate, createdAt, deactivated, firstName, lastName, id) 
15:27:57,292 INFO  [stdout] (default task-2)     values
15:27:57,292 INFO  [stdout] (default task-2)         (?, ?, ?, ?, ?, ?)
15:27:57,295 INFO  [com.example.controllers.UserController] (default task-2) entered /user-by-name/ with firstName = "null" and lastName = "sukunimi2"
15:27:57,296 INFO  [stdout] (default task-2) Hibernate: 
15:27:57,296 INFO  [stdout] (default task-2)     select
15:27:57,296 INFO  [stdout] (default task-2)         user0_.id as id1_0_,
15:27:57,296 INFO  [stdout] (default task-2)         user0_.birthDate as birthDat2_0_,
15:27:57,296 INFO  [stdout] (default task-2)         user0_.createdAt as createdA3_0_,
15:27:57,296 INFO  [stdout] (default task-2)         user0_.deactivated as deactiva4_0_,
15:27:57,296 INFO  [stdout] (default task-2)         user0_.firstName as firstNam5_0_,
15:27:57,297 INFO  [stdout] (default task-2)         user0_.lastName as lastName6_0_ 
15:27:57,297 INFO  [stdout] (default task-2)     from
15:27:57,297 INFO  [stdout] (default task-2)         users user0_ 
15:27:57,297 INFO  [stdout] (default task-2)     where
15:27:57,297 INFO  [stdout] (default task-2)         user0_.deactivated=0 
15:27:57,297 INFO  [stdout] (default task-2)         and user0_.lastName='sukunimi2'
]]></system-out>
  </testcase>
  <testcase name="testFindUserById" classname="com.example.services.UserServiceTest" time="0.051">
    <system-out><![CDATA[15:27:57,322 INFO  [com.example.controllers.UserController] (default task-1) entering getUsers
15:27:57,323 INFO  [stdout] (default task-1) Hibernate: 
15:27:57,323 INFO  [stdout] (default task-1)     select
15:27:57,323 INFO  [stdout] (default task-1)         user0_.id as id1_0_,
15:27:57,323 INFO  [stdout] (default task-1)         user0_.birthDate as birthDat2_0_,
15:27:57,323 INFO  [stdout] (default task-1)         user0_.createdAt as createdA3_0_,
15:27:57,323 INFO  [stdout] (default task-1)         user0_.deactivated as deactiva4_0_,
15:27:57,323 INFO  [stdout] (default task-1)         user0_.firstName as firstNam5_0_,
15:27:57,323 INFO  [stdout] (default task-1)         user0_.lastName as lastName6_0_ 
15:27:57,323 INFO  [stdout] (default task-1)     from
15:27:57,323 INFO  [stdout] (default task-1)         users user0_ 
15:27:57,324 INFO  [stdout] (default task-1)     where
15:27:57,324 INFO  [stdout] (default task-1)         user0_.deactivated=0
15:27:57,326 INFO  [com.example.controllers.UserController] (default task-1) entering saveUser
15:27:57,328 INFO  [stdout] (default task-1) Hibernate: 
15:27:57,328 INFO  [stdout] (default task-1)     call next value for hibernate_sequence
15:27:57,329 INFO  [stdout] (default task-1) Hibernate: 
15:27:57,329 INFO  [stdout] (default task-1)     insert 
15:27:57,330 INFO  [stdout] (default task-1)     into
15:27:57,330 INFO  [stdout] (default task-1)         users
15:27:57,330 INFO  [stdout] (default task-1)         (birthDate, createdAt, deactivated, firstName, lastName, id) 
15:27:57,330 INFO  [stdout] (default task-1)     values
15:27:57,330 INFO  [stdout] (default task-1)         (?, ?, ?, ?, ?, ?)
15:27:57,333 INFO  [com.example.controllers.UserController] (default task-1) getUserById, id = 3
15:27:57,337 INFO  [stdout] (default task-1) Hibernate: 
15:27:57,337 INFO  [stdout] (default task-1)     select
15:27:57,337 INFO  [stdout] (default task-1)         user0_.id as id1_0_,
15:27:57,337 INFO  [stdout] (default task-1)         user0_.birthDate as birthDat2_0_,
15:27:57,337 INFO  [stdout] (default task-1)         user0_.createdAt as createdA3_0_,
15:27:57,337 INFO  [stdout] (default task-1)         user0_.deactivated as deactiva4_0_,
15:27:57,337 INFO  [stdout] (default task-1)         user0_.firstName as firstNam5_0_,
15:27:57,337 INFO  [stdout] (default task-1)         user0_.lastName as lastName6_0_ 
15:27:57,337 INFO  [stdout] (default task-1)     from
15:27:57,337 INFO  [stdout] (default task-1)         users user0_ 
15:27:57,337 INFO  [stdout] (default task-1)     where
15:27:57,337 INFO  [stdout] (default task-1)         user0_.deactivated=0 
15:27:57,338 INFO  [stdout] (default task-1)         and user0_.id='3'
]]></system-out>
  </testcase>
  <testcase name="testFindUsersBornBefore" classname="com.example.services.UserServiceTest" time="0.034">
    <failure message="expected:&lt;3&gt; but was:&lt;4&gt;" type="java.lang.AssertionError"><![CDATA[java.lang.AssertionError: expected:<3> but was:<4>
	at com.example.services.UserServiceTest.testFindUsersBornBefore(UserServiceTest.java:88)
]]></failure>
    <system-out><![CDATA[15:27:57,360 INFO  [com.example.controllers.UserController] (default task-1) entering saveUser
15:27:57,361 INFO  [stdout] (default task-1) Hibernate: 
15:27:57,361 INFO  [stdout] (default task-1)     call next value for hibernate_sequence
15:27:57,363 INFO  [stdout] (default task-1) Hibernate: 
15:27:57,363 INFO  [stdout] (default task-1)     insert 
15:27:57,363 INFO  [stdout] (default task-1)     into
15:27:57,363 INFO  [stdout] (default task-1)         users
15:27:57,363 INFO  [stdout] (default task-1)         (birthDate, createdAt, deactivated, firstName, lastName, id) 
15:27:57,363 INFO  [stdout] (default task-1)     values
15:27:57,363 INFO  [stdout] (default task-1)         (?, ?, ?, ?, ?, ?)
15:27:57,364 INFO  [com.example.controllers.UserController] (default task-1) entering getUsers
15:27:57,366 INFO  [stdout] (default task-1) Hibernate: 
15:27:57,366 INFO  [stdout] (default task-1)     select
15:27:57,366 INFO  [stdout] (default task-1)         user0_.id as id1_0_,
15:27:57,366 INFO  [stdout] (default task-1)         user0_.birthDate as birthDat2_0_,
15:27:57,366 INFO  [stdout] (default task-1)         user0_.createdAt as createdA3_0_,
15:27:57,366 INFO  [stdout] (default task-1)         user0_.deactivated as deactiva4_0_,
15:27:57,366 INFO  [stdout] (default task-1)         user0_.firstName as firstNam5_0_,
15:27:57,366 INFO  [stdout] (default task-1)         user0_.lastName as lastName6_0_ 
15:27:57,366 INFO  [stdout] (default task-1)     from
15:27:57,366 INFO  [stdout] (default task-1)         users user0_ 
15:27:57,366 INFO  [stdout] (default task-1)     where
15:27:57,366 INFO  [stdout] (default task-1)         user0_.deactivated=0
]]></system-out>
  </testcase>
</testsuite>